{"name": "Test - get record ", "status": "failed", "statusDetails": {"message": "AssertionError: assert 500 == 200\n +  where 500 = <Response [500]>.status_code", "trace": "self = <testcase.ACS.test_configuration_profile.TestConfigurationProfile object at 0x000001FF651610F0>\nbase_api = <utils.base_api_acs.BaseAPIACS object at 0x000001FF64DDC310>\nparams = {'name': 'test_ds_hk2_tp4'}\n\n    @allure.title('Test - get record ')\n    @pytest.mark.parametrize('params',[{\"name\": \"test_ds_hk2_tp4\"}])\n    def test_get_list_by_param(self,base_api,params):\n      response = base_api.get_list_by_param(endpoint,params)\n>     assert response.status_code == 200\nE     assert 500 == 200\nE      +  where 500 = <Response [500]>.status_code\n\ntestcase\\ACS\\test_configuration_profile.py:76: AssertionError"}, "attachments": [{"name": "Request Info", "source": "f3ba52f2-53f9-45ca-8efd-fb3a8dee395d-attachment.json", "type": "application/json"}, {"name": "Response Info", "source": "7d7a04d6-d024-4659-b2d1-e33feb460e1b-attachment.json", "type": "application/json"}], "parameters": [{"name": "base_api", "value": "'dev'"}, {"name": "params", "value": "{'name': 'test_ds_hk2_tp4'}"}], "start": 1748591207361, "stop": 1748591207864, "uuid": "5b963f06-ba3a-4107-9fff-f192045a3132", "historyId": "41efee47c0e5363b44fd287a61cef421", "testCaseId": "0e31e6ce8e946c47c8df72562e88ccef", "fullName": "testcase.ACS.test_configuration_profile.TestConfigurationProfile#test_get_list_by_param", "labels": [{"name": "parentSuite", "value": "testcase.ACS"}, {"name": "suite", "value": "test_configuration_profile"}, {"name": "subSuite", "value": "TestConfigurationProfile"}, {"name": "host", "value": "Cherry-640879"}, {"name": "thread", "value": "28084-MainThread"}, {"name": "framework", "value": "pytest"}, {"name": "language", "value": "cpython3"}, {"name": "package", "value": "testcase.ACS.test_configuration_profile"}]}