{"name": "Test - get record ", "status": "failed", "statusDetails": {"message": "AssertionError: assert 400 == 200\n +  where 400 = <Response [400]>.status_code", "trace": "self = <testcase.ACS.test_workflow.TestWorkflow object at 0x0000018808F426B0>\nbase_api = <utils.base_api_acs.BaseAPIACS object at 0x000001880A8D3F70>\nparams = {'orderBy': {'name': -1}}\n\n    @allure.title('Test - get record ')\n    @pytest.mark.parametrize('params',[{\"orderBy\":{\"name\":-1}}])\n    def test_get_list_by_param(self,base_api,params):\n      response = base_api.get_list_by_param(endpoint,params)\n>     assert response.status_code == 200\nE     assert 400 == 200\nE      +  where 400 = <Response [400]>.status_code\n\ntestcase\\ACS\\test_workflow.py:86: AssertionError"}, "attachments": [{"name": "Request Info", "source": "23e2d010-ba1a-43f8-99df-c3cdf95cbff2-attachment.json", "type": "application/json"}, {"name": "Response Info", "source": "ff514a2a-f5ba-4ce1-95bf-bcba55cc1f67-attachment.json", "type": "application/json"}], "parameters": [{"name": "base_api", "value": "'test'"}, {"name": "params", "value": "{'orderBy': {'name': -1}}"}], "start": 1748543020345, "stop": 1748543022805, "uuid": "6625a2a5-6bf4-428d-a2fc-fca29c03db90", "historyId": "a3571ae8e57426baff4c6798ca1a2eef", "testCaseId": "5ace00c3f90eea0ac1aeecc6b8958b2d", "fullName": "testcase.ACS.test_workflow.TestWorkflow#test_get_list_by_param", "labels": [{"name": "parentSuite", "value": "testcase.ACS"}, {"name": "suite", "value": "test_workflow"}, {"name": "subSuite", "value": "TestWorkflow"}, {"name": "host", "value": "Cherry-640879"}, {"name": "thread", "value": "23192-MainThread"}, {"name": "framework", "value": "pytest"}, {"name": "language", "value": "cpython3"}, {"name": "package", "value": "testcase.ACS.test_workflow"}]}