{"name": "Test - create record ", "status": "failed", "statusDetails": {"message": "AssertionError: assert 409 == 200\n +  where 409 = <Response [409]>.status_code", "trace": "self = <testcase.ACS.test_configuration_profile.TestConfigurationProfile object at 0x000001E7BCAA1FC0>\nbase_api = <utils.base_api_acs.BaseAPIACS object at 0x000001E7BC6A4520>\n\n    @allure.title('Test - create record ')\n    def test_create(self,base_api):\n        global model_id\n        # create a record\n        response_create = base_api.create(endpoint,file_path[\"profile\"],False,\"name\")\n>       assert response_create.status_code == 200\nE       assert 409 == 200\nE        +  where 409 = <Response [409]>.status_code\n\ntestcase\\ACS\\test_configuration_profile.py:44: AssertionError"}, "attachments": [{"name": "Request Info", "source": "5a5a888b-2e2d-401c-a376-594e392a3e07-attachment.json", "type": "application/json"}, {"name": "Response Info", "source": "9fc557e0-43a0-43ba-9743-08e25dd9ef25-attachment.json", "type": "application/json"}], "parameters": [{"name": "base_api", "value": "'aws'"}], "start": 1748496152219, "stop": 1748496153525, "uuid": "d53359a1-f8ea-4c47-8e17-5a34256be6c4", "historyId": "194f0bb2b309469f4e07ed413c04bbd7", "testCaseId": "d8a8d363a33e02162de6f78bd2943105", "fullName": "testcase.ACS.test_configuration_profile.TestConfigurationProfile#test_create", "labels": [{"name": "parentSuite", "value": "testcase.ACS"}, {"name": "suite", "value": "test_configuration_profile"}, {"name": "subSuite", "value": "TestConfigurationProfile"}, {"name": "host", "value": "Cherry-640879"}, {"name": "thread", "value": "44636-MainThread"}, {"name": "framework", "value": "pytest"}, {"name": "language", "value": "cpython3"}, {"name": "package", "value": "testcase.ACS.test_configuration_profile"}]}