{"name": "Negative Test - get all the static group member with different param:None", "status": "failed", "statusDetails": {"message": "AssertionError: assert 200 == 500\n +  where 200 = <Response [200]>.status_code", "trace": "self = <testcase.ACS.test_static_group_member.TestStaticGroupMember object at 0x000001E9AE93D210>\nbase_api = <utils.base_api_acs.BaseAPIACS object at 0x000001E9B0C65180>\nparam = {'limit': -2}\n\n    @allure.feature('QUERY')\n    @allure.title(f'Negative Test - get all the static group member with different param:{param}')\n    @pytest.mark.parametrize('param', [\n        None,\n        {\n            \"limit\": -2\n        },\n        {\n            \"_id\": \"non-exsit\"\n        },\n        {\n            \"groupId\":\"non-exsit\"\n        },\n         {\n            \"memberInfo\":\"non-exsit\"\n        }\n    ])\n    def test_get_member_list_negative(self,base_api,param):\n        response = base_api.get_list_by_param(endpoint,param)\n        if param == {\"limit\": -2} :\n>           assert response.status_code == 500\nE           assert 200 == 500\nE            +  where 200 = <Response [200]>.status_code\n\ntestcase\\ACS\\test_static_group_member.py:356: AssertionError"}, "attachments": [{"name": "Request Info", "source": "111d9e80-a26f-4447-99ea-2cc1afafa8ee-attachment.json", "type": "application/json"}, {"name": "Response Info", "source": "2e5146b1-93cc-4190-851a-dafcc29564ac-attachment.json", "type": "application/json"}], "parameters": [{"name": "base_api", "value": "'aws'"}, {"name": "param", "value": "{'limit': -2}"}], "start": 1749100957586, "stop": 1749100958751, "uuid": "f39d1fa3-32b8-4f45-b959-59ebdff3dcd0", "historyId": "81b7fc986ca15021fe8115809e33ad0b", "testCaseId": "621c0c826c57d6e71b5911c7b14fd5b0", "fullName": "testcase.ACS.test_static_group_member.TestStaticGroupMember#test_get_member_list_negative", "labels": [{"name": "epic", "value": "ACS Static Group Member API"}, {"name": "feature", "value": "QUERY"}, {"name": "parentSuite", "value": "testcase.ACS"}, {"name": "suite", "value": "test_static_group_member"}, {"name": "subSuite", "value": "TestStaticGroupMember"}, {"name": "host", "value": "Cherry-640879"}, {"name": "thread", "value": "9660-MainThread"}, {"name": "framework", "value": "pytest"}, {"name": "language", "value": "cpython3"}, {"name": "package", "value": "testcase.ACS.test_static_group_member"}], "links": [{"type": "tms", "url": "CTM-312349", "name": "CTM-312349"}]}