{"name": "Test - Create with wrong tpe", "status": "failed", "statusDetails": {"message": "AssertionError: assert 200 == 400\n +  where 200 = <Response [200]>.status_code", "trace": "self = <testcase.ACS.test_system_group.TestSystemGroup object at 0x000001BC6CF96EF0>\nbase_api = <utils.base_api_acs.BaseAPIACS object at 0x000001BC6E8167D0>\n\n    @allure.title('Test - Create with wrong tpe')\n    def test_create_invalid_type(self,base_api):\n        json_data = {}\n        response = base_api.create(endpoint,json_data,need_random=False, field=\"name\")\n>       assert response.status_code == 400\nE       assert 200 == 400\nE        +  where 200 = <Response [200]>.status_code\n\ntestcase\\ACS\\test_system_group.py:97: AssertionError"}, "attachments": [{"name": "Request Info", "source": "6dafc848-42bd-47df-9bca-68ae5c4b0982-attachment.json", "type": "application/json"}, {"name": "Response Info", "source": "7da1b6ce-4e1b-4cce-a824-d8ae0ea88a11-attachment.json", "type": "application/json"}], "parameters": [{"name": "base_api", "value": "'dev'"}], "start": 1749142154896, "stop": 1749142186555, "uuid": "44402b47-2c0b-4bd7-9844-616984661aba", "historyId": "016eb1ddc1a166c27fa32ae7b017d150", "testCaseId": "ed46d76e946e8fdabc54f71629adbdb7", "fullName": "testcase.ACS.test_system_group.TestSystemGroup#test_create_invalid_type", "labels": [{"name": "epic", "value": "Test - SystemGroup API"}, {"name": "parentSuite", "value": "testcase.ACS"}, {"name": "suite", "value": "test_system_group"}, {"name": "subSuite", "value": "TestSystemGroup"}, {"name": "host", "value": "Cherry-640879"}, {"name": "thread", "value": "50112-MainThread"}, {"name": "framework", "value": "pytest"}, {"name": "language", "value": "cpython3"}, {"name": "package", "value": "testcase.ACS.test_system_group"}]}