{"name": "Test - create record ", "status": "failed", "statusDetails": {"message": "AssertionError: assert 409 == 200\n +  where 409 = <Response [409]>.status_code", "trace": "self = <testcase.ACS.test_configuration_profile.TestConfigurationProfile object at 0x000001D1AA215480>\nbase_api = <utils.base_api_acs.BaseAPIACS object at 0x000001D1AB403AC0>\n\n    @allure.title('Test - create record ')\n    def test_create(self,base_api):\n        global model_id\n        # create a record\n        response_create = base_api.create(endpoint,file_path[\"profile\"],False,\"name\")\n>       assert response_create.status_code == 200\nE       assert 409 == 200\nE        +  where 409 = <Response [409]>.status_code\n\ntestcase\\ACS\\test_configuration_profile.py:44: AssertionError"}, "attachments": [{"name": "Request Info", "source": "025b4815-8b1b-43aa-872d-62148f7d05ca-attachment.json", "type": "application/json"}, {"name": "Response Info", "source": "4102b750-04e7-4ea7-b475-6937af86bf0d-attachment.json", "type": "application/json"}], "parameters": [{"name": "base_api", "value": "'test'"}], "start": 1748425883229, "stop": 1748425884515, "uuid": "6fef022c-65bb-4142-b7f4-8b9fa22daf92", "historyId": "a81d7b38f59db6bcf7258374682ee1e1", "testCaseId": "d8a8d363a33e02162de6f78bd2943105", "fullName": "testcase.ACS.test_configuration_profile.TestConfigurationProfile#test_create", "labels": [{"name": "parentSuite", "value": "testcase.ACS"}, {"name": "suite", "value": "test_configuration_profile"}, {"name": "subSuite", "value": "TestConfigurationProfile"}, {"name": "host", "value": "Cherry-640879"}, {"name": "thread", "value": "50116-MainThread"}, {"name": "framework", "value": "pytest"}, {"name": "language", "value": "cpython3"}, {"name": "package", "value": "testcase.ACS.test_configuration_profile"}]}