{"name": "Test - create record ", "status": "failed", "statusDetails": {"message": "AssertionError: assert 409 == 200\n +  where 409 = <Response [409]>.status_code", "trace": "self = <testcase.ACS.test_configuration_profile.TestConfigurationProfile object at 0x00000227BDF197B0>\nbase_api = <utils.base_api_acs.BaseAPIACS object at 0x00000227BF1B7A30>\n\n    @allure.title('Test - create record ')\n    def test_create(self,base_api):\n        global model_id\n        # create a record\n        response_create = base_api.create(endpoint,file_path[\"profile\"],False,\"name\")\n>       assert response_create.status_code == 200\nE       assert 409 == 200\nE        +  where 409 = <Response [409]>.status_code\n\ntestcase\\ACS\\test_configuration_profile.py:44: AssertionError"}, "attachments": [{"name": "Request Info", "source": "639d5ffe-9b42-408d-82ac-b26077580e1b-attachment.json", "type": "application/json"}, {"name": "Response Info", "source": "d19e44e1-5fae-48b1-8b5c-2df41e5b5e52-attachment.json", "type": "application/json"}], "parameters": [{"name": "base_api", "value": "'test'"}], "start": 1748369755313, "stop": 1748369756376, "uuid": "cc20d0e6-a7a7-4a28-b6ab-c47f71793982", "historyId": "a81d7b38f59db6bcf7258374682ee1e1", "testCaseId": "d8a8d363a33e02162de6f78bd2943105", "fullName": "testcase.ACS.test_configuration_profile.TestConfigurationProfile#test_create", "labels": [{"name": "parentSuite", "value": "testcase.ACS"}, {"name": "suite", "value": "test_configuration_profile"}, {"name": "subSuite", "value": "TestConfigurationProfile"}, {"name": "host", "value": "Cherry-640879"}, {"name": "thread", "value": "32716-MainThread"}, {"name": "framework", "value": "pytest"}, {"name": "language", "value": "cpython3"}, {"name": "package", "value": "testcase.ACS.test_configuration_profile"}]}