{"name": "Test - crud record ", "status": "failed", "statusDetails": {"message": "AssertionError: assert 400 == 200\n +  where 400 = <Response [400]>.status_code", "trace": "self = <testcase.ACS.test_workflow.TestWorkflow object at 0x000001B320D54580>\nbase_api = <utils.base_api_acs.BaseAPIACS object at 0x000001B322173880>\n\n    @allure.title('Test - crud record ')\n    def test_crud(self,base_api):\n        global model_id\n        # create a record\n        global groups\n        json_data = load_json(file_paths[\"workflow\"])\n        json_data[\"groups\"] = groups\n        # json_data[\"actions\"] = list(response.json()[0][\"actions\"])\n        response_create = base_api.create_with_jsondata(endpoint,json_data,need_random=True, field=\"name\")\n        model_id = response_create.json()['_id']\n        assert response_create.status_code == 200\n        # model_id = 'e002e1f5-8382-4f49-a445-1da88df9e99a'\n    \n        # get info by id\n        response_get = base_api.get_by_id(endpoint,model_id)\n        assert response_get.status_code == 200\n        assert response_get.json()['_id'] == model_id\n    \n        model = endpoint.replace('-', '_')\n        expected_file_path = f\"./testdata/ACS/outputs/get_{model}_by_id.json\"\n        print(f\"the saved/expected file path is {expected_file_path}\")\n        if base_api.env == \"aws\":\n          save_file(expected_file_path,response_get.json())\n        else:\n          expected_response = load_json(expected_file_path)\n          print(\"the diff as following:\" , DeepDiff(expected_response,response_get.json()))\n    \n        # update the record\n        json_data = load_json(file_paths[\"update\"])\n        json_data[\"groups\"] = groups\n        # json_data[\"actions\"] = list(response.json()[0][\"actions\"])\n        response_put = base_api.update_with_jsondata(endpoint,model_id,json_data,True,\"name\")\n>       assert response_put.status_code == 200\nE       assert 400 == 200\nE        +  where 400 = <Response [400]>.status_code\n\ntestcase\\ACS\\test_workflow.py:141: AssertionError"}, "attachments": [{"name": "Request Info", "source": "c134766b-4645-4312-b040-404d7cec19df-attachment.json", "type": "application/json"}, {"name": "Response Info", "source": "1c8d9c2e-efae-472c-b7c1-d3686ff9f776-attachment.json", "type": "application/json"}, {"name": "Request Info", "source": "5f62e707-7b33-443f-9f26-cddfb4504ba9-attachment.json", "type": "application/json"}, {"name": "Response Info", "source": "4cff4cde-c9c8-4b52-b364-c6bfb1723ebc-attachment.json", "type": "application/json"}, {"name": "Request Info", "source": "5343f2fe-1902-44e3-b06c-ced0a688e45d-attachment.json", "type": "application/json"}, {"name": "Response Info", "source": "26acc3a0-e22a-4059-afdc-938b3376461f-attachment.json", "type": "application/json"}], "parameters": [{"name": "base_api", "value": "'dev'"}], "start": 1748629189763, "stop": 1748629192188, "uuid": "f5781251-db5b-40b1-948b-cf782f668f21", "historyId": "8cfdcf974e704d628700c640c0cdeae3", "testCaseId": "afd9ddea709b6fe93a0748baefcd22ee", "fullName": "testcase.ACS.test_workflow.TestWorkflow#test_crud", "labels": [{"name": "parentSuite", "value": "testcase.ACS"}, {"name": "suite", "value": "test_workflow"}, {"name": "subSuite", "value": "TestWorkflow"}, {"name": "host", "value": "Cherry-640879"}, {"name": "thread", "value": "50656-MainThread"}, {"name": "framework", "value": "pytest"}, {"name": "language", "value": "cpython3"}, {"name": "package", "value": "testcase.ACS.test_workflow"}]}