{"name": "Test - create record ", "status": "failed", "statusDetails": {"message": "AssertionError: assert 409 == 200\n +  where 409 = <Response [409]>.status_code", "trace": "self = <testcase.ACS.test_configuration_profile.TestConfigurationProfile object at 0x000001B320E55630>\nbase_api = <utils.base_api_acs.BaseAPIACS object at 0x000001B320D57580>\n\n    @allure.title('Test - create record ')\n    def test_create(self,base_api):\n        global model_id\n        # create a record\n        response_create = base_api.create(endpoint,file_path[\"profile\"],False,\"name\")\n>       assert response_create.status_code == 200\nE       assert 409 == 200\nE        +  where 409 = <Response [409]>.status_code\n\ntestcase\\ACS\\test_configuration_profile.py:44: AssertionError"}, "attachments": [{"name": "Request Info", "source": "b7649eba-53bf-4f18-861c-99b89d76244b-attachment.json", "type": "application/json"}, {"name": "Response Info", "source": "14921a48-4b81-4722-ad90-d763abb36c7d-attachment.json", "type": "application/json"}], "parameters": [{"name": "base_api", "value": "'dev'"}], "start": 1748628998253, "stop": 1748628998822, "uuid": "054cb012-7e6f-4aff-9bd8-6c68498633c4", "historyId": "562f88898495b67e3a4ddb5da7b3d311", "testCaseId": "d8a8d363a33e02162de6f78bd2943105", "fullName": "testcase.ACS.test_configuration_profile.TestConfigurationProfile#test_create", "labels": [{"name": "parentSuite", "value": "testcase.ACS"}, {"name": "suite", "value": "test_configuration_profile"}, {"name": "subSuite", "value": "TestConfigurationProfile"}, {"name": "host", "value": "Cherry-640879"}, {"name": "thread", "value": "50656-MainThread"}, {"name": "framework", "value": "pytest"}, {"name": "language", "value": "cpython3"}, {"name": "package", "value": "testcase.ACS.test_configuration_profile"}]}