{"name": "Test - get record ", "status": "failed", "statusDetails": {"message": "AssertionError: assert 500 == 200\n +  where 500 = <Response [500]>.status_code", "trace": "self = <testcase.ACS.test_configuration_profile.TestConfigurationProfile object at 0x000001C3BF7D5F30>\nbase_api = <utils.base_api_acs.BaseAPIACS object at 0x000001C3C0C704F0>\nparams = {'name': 'test_ds_hk2_tp4'}\n\n    @allure.title('Test - get record ')\n    @pytest.mark.parametrize('params',[{\"name\": \"test_ds_hk2_tp4\"}])\n    def test_get_list_by_param(self,base_api,params):\n      response = base_api.get_list_by_param(endpoint,params)\n>     assert response.status_code == 200\nE     assert 500 == 200\nE      +  where 500 = <Response [500]>.status_code\n\ntestcase\\ACS\\test_configuration_profile.py:76: AssertionError"}, "attachments": [{"name": "Request Info", "source": "f6b82c4e-247e-416a-b4b6-22998db6ade9-attachment.json", "type": "application/json"}, {"name": "Response Info", "source": "0b481e2a-f6e3-4f98-a725-4a8c0225a6f7-attachment.json", "type": "application/json"}], "parameters": [{"name": "base_api", "value": "'test'"}, {"name": "params", "value": "{'name': 'test_ds_hk2_tp4'}"}], "start": 1749200906615, "stop": 1749200908099, "uuid": "43d0f332-2284-4916-b473-69e5b31bd812", "historyId": "ca3ed4a480547e37d7f7990b84b5447a", "testCaseId": "0e31e6ce8e946c47c8df72562e88ccef", "fullName": "testcase.ACS.test_configuration_profile.TestConfigurationProfile#test_get_list_by_param", "labels": [{"name": "parentSuite", "value": "testcase.ACS"}, {"name": "suite", "value": "test_configuration_profile"}, {"name": "subSuite", "value": "TestConfigurationProfile"}, {"name": "host", "value": "Cherry-640879"}, {"name": "thread", "value": "44708-MainThread"}, {"name": "framework", "value": "pytest"}, {"name": "language", "value": "cpython3"}, {"name": "package", "value": "testcase.ACS.test_configuration_profile"}]}