{"name": "Test - test the paramter are case-insensitive ", "status": "failed", "statusDetails": {"message": "AssertionError: assert 500 == 200\n +  where 500 = <Response [500]>.status_code", "trace": "self = <testcase.ACS.test_workflow.TestWorkflow object at 0x0000023D6CCAD360>\nbase_api = <utils.base_api_acs.BaseAPIACS object at 0x0000023D6D063D00>\n\n    @allure.title('Test - test the paramter are case-insensitive ')\n    def test_get_case_sensitive(self,base_api):\n      name = \"test_workflow\"\n      params={\"name\": name,\"limit\": 2}\n      response = base_api.get_list_by_param(endpoint,params)\n>     assert response.status_code == 200\nE     assert 500 == 200\nE      +  where 500 = <Response [500]>.status_code\n\ntestcase\\ACS\\test_workflow.py:88: AssertionError"}, "attachments": [{"name": "Request Info", "source": "9775cef3-a96a-44a8-9d14-034655400b29-attachment.json", "type": "application/json"}, {"name": "Response Info", "source": "91ce6c27-7c76-4734-b835-879589493486-attachment.json", "type": "application/json"}], "parameters": [{"name": "base_api", "value": "'test'"}], "start": 1749623437609, "stop": 1749623440773, "uuid": "170f9b3b-66a4-454d-b3ca-9973c7cb8c08", "historyId": "fd3fc47bc894d1212e67bf114740ce31", "testCaseId": "5e17868aa6deea8ce4ef8f7804858020", "fullName": "testcase.ACS.test_workflow.TestWorkflow#test_get_case_sensitive", "labels": [{"name": "parentSuite", "value": "testcase.ACS"}, {"name": "suite", "value": "test_workflow"}, {"name": "subSuite", "value": "TestWorkflow"}, {"name": "host", "value": "Cherry-640879"}, {"name": "thread", "value": "44408-MainThread"}, {"name": "framework", "value": "pytest"}, {"name": "language", "value": "cpython3"}, {"name": "package", "value": "testcase.ACS.test_workflow"}]}