{"name": "Test - test the paramter are case-insensitive ", "status": "failed", "statusDetails": {"message": "AssertionError: assert 400 == 200\n +  where 400 = <Response [400]>.status_code", "trace": "self = <testcase.ACS.test_workflow.TestWorkflow object at 0x0000018808F42CE0>\nbase_api = <utils.base_api_acs.BaseAPIACS object at 0x000001880A70BE80>\n\n    @allure.title('Test - test the paramter are case-insensitive ')\n    def test_get_case_sensitive(self,base_api):\n      name = \"test_workflow\"\n      params={\"name\": name,\"limit\": 2}\n      response = base_api.get_list_by_param(endpoint,params)\n>     assert response.status_code == 200\nE     assert 400 == 200\nE      +  where 400 = <Response [400]>.status_code\n\ntestcase\\ACS\\test_workflow.py:67: AssertionError"}, "attachments": [{"name": "Request Info", "source": "565e6633-7f7f-4551-b9a7-1144213af37e-attachment.json", "type": "application/json"}, {"name": "Response Info", "source": "af98c23d-3029-4cd4-a54f-9361f1dfd287-attachment.json", "type": "application/json"}], "parameters": [{"name": "base_api", "value": "'test'"}], "start": 1748543016616, "stop": 1748543018770, "uuid": "5acc8c80-44ef-4666-82e4-f3bca12b326f", "historyId": "fd3fc47bc894d1212e67bf114740ce31", "testCaseId": "5e17868aa6deea8ce4ef8f7804858020", "fullName": "testcase.ACS.test_workflow.TestWorkflow#test_get_case_sensitive", "labels": [{"name": "parentSuite", "value": "testcase.ACS"}, {"name": "suite", "value": "test_workflow"}, {"name": "subSuite", "value": "TestWorkflow"}, {"name": "host", "value": "Cherry-640879"}, {"name": "thread", "value": "23192-MainThread"}, {"name": "framework", "value": "pytest"}, {"name": "language", "value": "cpython3"}, {"name": "package", "value": "testcase.ACS.test_workflow"}]}