{"name": "Negative Test - get all the static group member with different param:None", "status": "failed", "statusDetails": {"message": "AssertionError: assert 200 == 500\n +  where 200 = <Response [200]>.status_code", "trace": "self = <testcase.ACS.test_static_group_member.TestStaticGroupMember object at 0x00000223EC1F2140>\nbase_api = <utils.base_api_acs.BaseAPIACS object at 0x00000223EDA91000>\nparam = {'limit': -2}\n\n    @allure.feature('QUERY')\n    @allure.title(f'Negative Test - get all the static group member with different param:{param}')\n    @pytest.mark.parametrize('param', [\n        None,\n        {\n            \"limit\": -2\n        },\n        {\n            \"_id\": \"non-exsit\"\n        },\n        {\n            \"groupId\":\"non-exsit\"\n        },\n         {\n            \"memberInfo\":\"non-exsit\"\n        }\n    ])\n    def test_get_member_list_negative(self,base_api,param):\n        response = base_api.get_list_by_param(endpoint,param)\n        if param == {\"limit\": -2} :\n>           assert response.status_code == 500\nE           assert 200 == 500\nE            +  where 200 = <Response [200]>.status_code\n\ntestcase\\ACS\\test_static_group_member.py:356: AssertionError"}, "attachments": [{"name": "Request Info", "source": "d1648a0a-8594-4558-b0de-15ab038f7778-attachment.json", "type": "application/json"}, {"name": "Response Info", "source": "f6e78166-9ef5-4644-acd9-df6caaf473ed-attachment.json", "type": "application/json"}], "parameters": [{"name": "base_api", "value": "'dev'"}, {"name": "param", "value": "{'limit': -2}"}], "start": 1749177157813, "stop": 1749177189691, "uuid": "684e221f-1720-4a1b-8453-fd0a5d5854b8", "historyId": "1b5f013fa06e90eb18d8a3e360109999", "testCaseId": "621c0c826c57d6e71b5911c7b14fd5b0", "fullName": "testcase.ACS.test_static_group_member.TestStaticGroupMember#test_get_member_list_negative", "labels": [{"name": "feature", "value": "QUERY"}, {"name": "epic", "value": "ACS Static Group Member API"}, {"name": "parentSuite", "value": "testcase.ACS"}, {"name": "suite", "value": "test_static_group_member"}, {"name": "subSuite", "value": "TestStaticGroupMember"}, {"name": "host", "value": "Cherry-640879"}, {"name": "thread", "value": "19868-MainThread"}, {"name": "framework", "value": "pytest"}, {"name": "language", "value": "cpython3"}, {"name": "package", "value": "testcase.ACS.test_static_group_member"}], "links": [{"type": "tms", "url": "CTM-312349", "name": "CTM-312349"}]}