{"name": "Test - create a static group member to givin group", "status": "failed", "statusDetails": {"message": "AssertionError: assert 500 == 200\n +  where 500 = <Response [500]>.status_code", "trace": "self = <testcase.ACS.test_static_group_member.TestStaticGroupMember object at 0x000001C86C6AA9B0>\n\n     @allure.title('Test - create a static group member to givin group')\n     def test_create_stati_group_member(self):\n    # create a system group first\n         group_id = '80c4fba5-7ec7-418b-98ce-6e20c00a7ca8'\n         response = member.create_static_group_member(group_id,file_path[\"member\"])\n>        assert response.status_code == 200\nE        assert 500 == 200\nE         +  where 500 = <Response [500]>.status_code\n\ntestcase\\ACS\\test_static_group_member.py:30: AssertionError"}, "attachments": [{"name": "Request Info", "source": "c9a70d5c-cc20-4693-8e72-2c51968df58d-attachment.json", "type": "application/json"}, {"name": "Response Info", "source": "8119fce0-92c4-4062-982d-740aab0bae08-attachment.json", "type": "application/json"}], "start": 1748240091311, "stop": 1748240092354, "uuid": "ab5f5506-e223-43e9-8c43-5d594441b920", "historyId": "8f9ab7eac7411405768fbd9e18ffc3d2", "testCaseId": "8f9ab7eac7411405768fbd9e18ffc3d2", "fullName": "testcase.ACS.test_static_group_member.TestStaticGroupMember#test_create_stati_group_member", "labels": [{"name": "epic", "value": "Test - StaticGroupMember API"}, {"name": "parentSuite", "value": "testcase.ACS"}, {"name": "suite", "value": "test_static_group_member"}, {"name": "subSuite", "value": "TestStaticGroupMember"}, {"name": "host", "value": "Cherry-640879"}, {"name": "thread", "value": "47028-MainThread"}, {"name": "framework", "value": "pytest"}, {"name": "language", "value": "cpython3"}, {"name": "package", "value": "testcase.ACS.test_static_group_member"}]}