{"name": "Test - create record ", "status": "failed", "statusDetails": {"message": "AssertionError: assert 400 == 200\n +  where 400 = <Response [400]>.status_code", "trace": "self = <testcase.ACS.test_configuration_profile.TestConfigurationProfile object at 0x000001F1D0C80430>\nbase_api = <utils.base_api_acs.BaseAPIACS object at 0x000001F1D044A6E0>\n\n    @allure.title('Test - create record ')\n    def test_create(self,base_api):\n        global model_id\n        # create a record\n        response_create = base_api.create(endpoint,file_path[\"profile\"],False,\"name\")\n>       assert response_create.status_code == 200\nE       assert 400 == 200\nE        +  where 400 = <Response [400]>.status_code\n\ntestcase\\ACS\\test_configuration_profile.py:44: AssertionError"}, "attachments": [{"name": "Request Info", "source": "14d86e15-c326-4f1f-a664-53a1bb23c846-attachment.json", "type": "application/json"}, {"name": "Response Info", "source": "2003d353-8f53-468a-8996-7b8c23639b16-attachment.json", "type": "application/json"}], "parameters": [{"name": "base_api", "value": "'aws'"}], "start": 1749013964530, "stop": 1749013965664, "uuid": "3c0c3b7e-acae-4506-87b1-e2455b61e805", "historyId": "194f0bb2b309469f4e07ed413c04bbd7", "testCaseId": "d8a8d363a33e02162de6f78bd2943105", "fullName": "testcase.ACS.test_configuration_profile.TestConfigurationProfile#test_create", "labels": [{"name": "parentSuite", "value": "testcase.ACS"}, {"name": "suite", "value": "test_configuration_profile"}, {"name": "subSuite", "value": "TestConfigurationProfile"}, {"name": "host", "value": "Cherry-640879"}, {"name": "thread", "value": "52404-MainThread"}, {"name": "framework", "value": "pytest"}, {"name": "language", "value": "cpython3"}, {"name": "package", "value": "testcase.ACS.test_configuration_profile"}]}