{"name": "Negative Test - get all the static group member with different param:None", "status": "failed", "statusDetails": {"message": "AssertionError: assert 200 == 500\n +  where 200 = <Response [200]>.status_code", "trace": "self = <testcase.ACS.test_static_group_member.TestStaticGroupMember object at 0x00000227BDDD0370>\nbase_api = <utils.base_api_acs.BaseAPIACS object at 0x00000227C0972B60>\nparam = {'limit': -2}\n\n    @allure.title(f'Negative Test - get all the static group member with different param:{param}')\n    @pytest.mark.parametrize('param', [\n        None,\n        {\n            \"limit\": -2\n        },\n        {\n            \"_id\": \"non-exsit\"\n        },\n        {\n            \"groupId\":\"non-exsit\"\n        },\n         {\n            \"memberInfo\":\"non-exsit\"\n        }\n    ])\n    \n    def test_get_member_list_negative(self,base_api,param):\n        response = base_api.get_list_by_param(endpoint,param)\n        if param == {\"limit\": -2} :\n>           assert response.status_code == 500\nE           assert 200 == 500\nE            +  where 200 = <Response [200]>.status_code\n\ntestcase\\ACS\\test_static_group_member.py:149: AssertionError"}, "attachments": [{"name": "Request Info", "source": "7cb94130-ea9c-462d-aade-1e716a362a55-attachment.json", "type": "application/json"}, {"name": "Response Info", "source": "7f7ef6dc-e17d-4e92-a7dc-6dda009574db-attachment.json", "type": "application/json"}], "parameters": [{"name": "base_api", "value": "'aws'"}, {"name": "param", "value": "{'limit': -2}"}], "start": 1748370051717, "stop": 1748370052969, "uuid": "7a11d362-8927-492c-82da-67860c28ad7e", "historyId": "81b7fc986ca15021fe8115809e33ad0b", "testCaseId": "621c0c826c57d6e71b5911c7b14fd5b0", "fullName": "testcase.ACS.test_static_group_member.TestStaticGroupMember#test_get_member_list_negative", "labels": [{"name": "epic", "value": "Test - StaticGroupMember API"}, {"name": "parentSuite", "value": "testcase.ACS"}, {"name": "suite", "value": "test_static_group_member"}, {"name": "subSuite", "value": "TestStaticGroupMember"}, {"name": "host", "value": "Cherry-640879"}, {"name": "thread", "value": "32716-MainThread"}, {"name": "framework", "value": "pytest"}, {"name": "language", "value": "cpython3"}, {"name": "package", "value": "testcase.ACS.test_static_group_member"}]}