{"name": "Test - Create with wrong tpe", "status": "failed", "statusDetails": {"message": "AssertionError: assert 504 == 400\n +  where 504 = <Response [504]>.status_code", "trace": "self = <testcase.ACS.test_system_group.TestSystemGroup object at 0x0000021CA09A8730>\nbase_api = <utils.base_api_acs.BaseAPIACS object at 0x0000021CA32D78B0>\n\n    @allure.title('Test - Create with wrong tpe')\n    def test_create_invalid_type(self,base_api):\n        json_data = {}\n        response = base_api.create_with_jsondata(endpoint,json_data,need_random=False, field=\"name\")\n>       assert response.status_code == 400\nE       assert 504 == 400\nE        +  where 504 = <Response [504]>.status_code\n\ntestcase\\ACS\\test_system_group.py:87: AssertionError"}, "attachments": [{"name": "Request Info", "source": "3181173a-cdb6-4e33-8c31-a67b92fa06c7-attachment.json", "type": "application/json"}, {"name": "Response Info", "source": "31168642-7ed2-4bbd-a061-3cb86d4d53da-attachment.json", "type": "application/json"}], "parameters": [{"name": "base_api", "value": "'dev'"}], "start": 1748327570657, "stop": 1748327601654, "uuid": "ad80d3e2-3805-42be-b5e3-df11272f725e", "historyId": "016eb1ddc1a166c27fa32ae7b017d150", "testCaseId": "ed46d76e946e8fdabc54f71629adbdb7", "fullName": "testcase.ACS.test_system_group.TestSystemGroup#test_create_invalid_type", "labels": [{"name": "epic", "value": "Test - SystemGroup API"}, {"name": "parentSuite", "value": "testcase.ACS"}, {"name": "suite", "value": "test_system_group"}, {"name": "subSuite", "value": "TestSystemGroup"}, {"name": "host", "value": "Cherry-640879"}, {"name": "thread", "value": "51132-MainThread"}, {"name": "framework", "value": "pytest"}, {"name": "language", "value": "cpython3"}, {"name": "package", "value": "testcase.ACS.test_system_group"}]}