{"name": "Negative Test - get all the static group member with different param:None", "status": "failed", "statusDetails": {"message": "AssertionError: assert 500 == 200\n +  where 500 = <Response [500]>.status_code", "trace": "self = <testcase.ACS.test_static_group_member.TestStaticGroupMember object at 0x0000019F99DF1C00>\nbase_api = <utils.base_api_acs.BaseAPIACS object at 0x0000019F999918D0>\nparam = {'groupId': 'non-exsit'}\n\n    @allure.feature('QUERY')\n    @allure.title(f'Negative Test - get all the static group member with different param:{param}')\n    @pytest.mark.parametrize('param', [\n        None,\n        {\n            \"limit\": -2\n        },\n        {\n            \"_id\": \"non-exsit\"\n        },\n        {\n            \"groupId\":\"non-exsit\"\n        },\n         {\n            \"memberInfo\":\"non-exsit\"\n        }\n    ])\n    def test_get_member_list_negative(self,base_api,param):\n        response = base_api.get_list_by_param(endpoint,param)\n        if param == {\"limit\": -2} :\n            assert response.status_code == 500\n        else:\n>           assert response.status_code == 200\nE           assert 500 == 200\nE            +  where 500 = <Response [500]>.status_code\n\ntestcase\\ACS\\test_static_group_member.py:402: AssertionError"}, "attachments": [{"name": "Request Info", "source": "0f593e21-1019-4e20-870d-027959638fc9-attachment.json", "type": "application/json"}, {"name": "Response Info", "source": "ea10def2-6d91-4e3b-bc2f-f98aab96526a-attachment.json", "type": "application/json"}], "parameters": [{"name": "base_api", "value": "'dev'"}, {"name": "param", "value": "{'groupId': 'non-exsit'}"}], "start": 1748590201893, "stop": 1748590202347, "uuid": "63ccb43f-424d-4f37-801d-4578a83ee9c0", "historyId": "5bbd2d9bc69821875fa93b34d96aa29f", "testCaseId": "621c0c826c57d6e71b5911c7b14fd5b0", "fullName": "testcase.ACS.test_static_group_member.TestStaticGroupMember#test_get_member_list_negative", "labels": [{"name": "epic", "value": "ACS Stati cGroup Member API"}, {"name": "feature", "value": "QUERY"}, {"name": "parentSuite", "value": "testcase.ACS"}, {"name": "suite", "value": "test_static_group_member"}, {"name": "subSuite", "value": "TestStaticGroupMember"}, {"name": "host", "value": "Cherry-640879"}, {"name": "thread", "value": "23348-MainThread"}, {"name": "framework", "value": "pytest"}, {"name": "language", "value": "cpython3"}, {"name": "package", "value": "testcase.ACS.test_static_group_member"}], "links": [{"type": "tms", "url": "CTM-312349", "name": "CTM-312349"}]}