{"name": "Test - get all the system groups with different params:None", "status": "failed", "statusDetails": {"message": "AssertionError: assert 400 == 200\n +  where 400 = <Response [400]>.status_code", "trace": "self = <testcase.ACS.test_system_group.TestSystemGroup object at 0x00000188095C33A0>\nbase_api = <utils.base_api_acs.BaseAPIACS object at 0x000001880A9FFA90>\nparam = {'excludeOnBoot': False, 'limit': 3, 'skip': 1, 'type': 'dynamic'}\n\n    @allure.title(f'Test - get all the system groups with different params:{params}')\n    @pytest.mark.parametrize('param', [\n        {\n        },\n        {\n             \"limit\": 2,\n        },\n        {\n            \"skip\": 1,\n            \"limit\": 3,\n            \"excludeOnBoot\":False,\n            \"type\": \"dynamic\"\n        },\n        {\n            \"skip\": 1,\n            \"limit\": 3,\n            \"excludeOnBoot\":False,\n            \"type\": \"static\"\n        }\n    ])\n    def test_get_group_list_param(self,base_api,param):\n        response = base_api.get_list_by_param(endpoint,param)\n>       assert response.status_code == 200\nE       assert 400 == 200\nE        +  where 400 = <Response [400]>.status_code\n\ntestcase\\ACS\\test_system_group.py:213: AssertionError"}, "attachments": [{"name": "Request Info", "source": "f7ac5c5c-31cf-480f-b73e-cd538f8a336d-attachment.json", "type": "application/json"}, {"name": "Response Info", "source": "d2656b4a-7982-4670-8be5-121123a7d682-attachment.json", "type": "application/json"}], "parameters": [{"name": "base_api", "value": "'aws'"}, {"name": "param", "value": "{'skip': 1, 'limit': 3, 'excludeOnBoot': False, 'type': 'dynamic'}"}], "start": 1748542972823, "stop": 1748542974405, "uuid": "0185182d-f229-4c33-9e43-481a35b1bf60", "historyId": "6e906cdfd2675612863b10ab18505683", "testCaseId": "29d73ebb101a45f5096c75fe4edb60d0", "fullName": "testcase.ACS.test_system_group.TestSystemGroup#test_get_group_list_param", "labels": [{"name": "epic", "value": "Test - SystemGroup API"}, {"name": "parentSuite", "value": "testcase.ACS"}, {"name": "suite", "value": "test_system_group"}, {"name": "subSuite", "value": "TestSystemGroup"}, {"name": "host", "value": "Cherry-640879"}, {"name": "thread", "value": "23192-MainThread"}, {"name": "framework", "value": "pytest"}, {"name": "language", "value": "cpython3"}, {"name": "package", "value": "testcase.ACS.test_system_group"}]}