{"name": "Test - crud record ", "status": "failed", "statusDetails": {"message": "AssertionError: assert 400 == 200\n +  where 400 = <Response [400]>.status_code", "trace": "self = <testcase.ACS.test_workflow.TestWorkflow object at 0x000001E26E868820>\nbase_api = <utils.base_api_acs.BaseAPIACS object at 0x000001E26FC40850>\n\n    @allure.title('Test - crud record ')\n    #@pytest.mark.skip()\n    def test_crud(self,base_api):\n        global model_id\n        # create a record\n        global groups\n        json_data = load_json(file_path[\"workflow\"])\n        json_data[\"groups\"] = groups\n        # json_data[\"actions\"] = list(response.json()[0][\"actions\"])\n        response_create = base_api.create_with_jsondata(endpoint,json_data,True,\"name\")\n        model_id = response_create.json()['_id']\n        assert response_create.status_code == 200\n        # model_id = 'e002e1f5-8382-4f49-a445-1da88df9e99a'\n    \n        # get info by id\n        response_get = base_api.get_by_id(endpoint,model_id)\n        assert response_get.status_code == 200\n        assert response_get.json()['_id'] == model_id\n    \n        model = endpoint.replace('-', '_')\n        expected_file_path = f\"./testdata/ACS/outputs/get_{model}_by_id.json\"\n        print(f\"the saved/expected file path is {expected_file_path}\")\n        if base_api.env == \"aws\":\n          save_file(expected_file_path,response_get.json())\n        else:\n          expected_response = load_json(expected_file_path)\n          print(\"the diff as following:\" , DeepDiff(expected_response,response_get.json()))\n    \n        # update the record\n        json_data = load_json(file_path[\"update\"])\n        json_data[\"groups\"] = groups\n        # json_data[\"actions\"] = list(response.json()[0][\"actions\"])\n        response_put = base_api.update_with_jsondata(endpoint,model_id,json_data,True,\"name\")\n>       assert response_put.status_code == 200\nE       assert 400 == 200\nE        +  where 400 = <Response [400]>.status_code\n\ntestcase\\ACS\\test_workflow.py:136: AssertionError"}, "attachments": [{"name": "Request Info", "source": "b4c850c4-f587-4a88-981a-fd74aa411dc1-attachment.json", "type": "application/json"}, {"name": "Response Info", "source": "2e9de4cb-52b3-4727-a130-f07dedaa4cf3-attachment.json", "type": "application/json"}, {"name": "Request Info", "source": "186c2c98-a6d8-4227-aa0b-672766c34844-attachment.json", "type": "application/json"}, {"name": "Response Info", "source": "0a7e0c24-89f1-4e4e-98ee-bb60b491cc07-attachment.json", "type": "application/json"}, {"name": "Request Info", "source": "da68e484-f4e3-4db4-85cd-dd903b932a00-attachment.json", "type": "application/json"}, {"name": "Response Info", "source": "991f0dfb-9fde-43d5-954e-2bf89d3e39b1-attachment.json", "type": "application/json"}], "parameters": [{"name": "base_api", "value": "'dev'"}], "start": 1748239967321, "stop": 1748239970092, "uuid": "6deaa23c-bb68-4313-9b97-9f7b44f2af8a", "historyId": "8cfdcf974e704d628700c640c0cdeae3", "testCaseId": "afd9ddea709b6fe93a0748baefcd22ee", "fullName": "testcase.ACS.test_workflow.TestWorkflow#test_crud", "labels": [{"name": "parentSuite", "value": "testcase.ACS"}, {"name": "suite", "value": "test_workflow"}, {"name": "subSuite", "value": "TestWorkflow"}, {"name": "host", "value": "Cherry-640879"}, {"name": "thread", "value": "41480-MainThread"}, {"name": "framework", "value": "pytest"}, {"name": "language", "value": "cpython3"}, {"name": "package", "value": "testcase.ACS.test_workflow"}]}