{"name": "Negative Test - get all the static group member with different param:None", "status": "failed", "statusDetails": {"message": "AssertionError: assert 500 == 200\n +  where 500 = <Response [500]>.status_code", "trace": "self = <testcase.ACS.test_static_group_member.TestStaticGroupMember object at 0x0000019F99DF1CC0>\nbase_api = <utils.base_api_acs.BaseAPIACS object at 0x0000019F99D85EA0>\nparam = {'memberInfo': 'non-exsit'}\n\n    @allure.feature('QUERY')\n    @allure.title(f'Negative Test - get all the static group member with different param:{param}')\n    @pytest.mark.parametrize('param', [\n        None,\n        {\n            \"limit\": -2\n        },\n        {\n            \"_id\": \"non-exsit\"\n        },\n        {\n            \"groupId\":\"non-exsit\"\n        },\n         {\n            \"memberInfo\":\"non-exsit\"\n        }\n    ])\n    def test_get_member_list_negative(self,base_api,param):\n        response = base_api.get_list_by_param(endpoint,param)\n        if param == {\"limit\": -2} :\n            assert response.status_code == 500\n        else:\n>           assert response.status_code == 200\nE           assert 500 == 200\nE            +  where 500 = <Response [500]>.status_code\n\ntestcase\\ACS\\test_static_group_member.py:402: AssertionError"}, "attachments": [{"name": "Request Info", "source": "38aca7af-fab2-4383-ad63-9a880cb206bf-attachment.json", "type": "application/json"}, {"name": "Response Info", "source": "1df0e4ef-5049-44b3-bb0a-8ca718a744a5-attachment.json", "type": "application/json"}], "parameters": [{"name": "base_api", "value": "'dev'"}, {"name": "param", "value": "{'memberInfo': 'non-exsit'}"}], "start": 1748590202369, "stop": 1748590202828, "uuid": "c2bf8f0e-b2de-4429-95d0-554b193c80d1", "historyId": "e20a50d8fc6032d70b2db1f32d91dde6", "testCaseId": "621c0c826c57d6e71b5911c7b14fd5b0", "fullName": "testcase.ACS.test_static_group_member.TestStaticGroupMember#test_get_member_list_negative", "labels": [{"name": "epic", "value": "ACS Stati cGroup Member API"}, {"name": "feature", "value": "QUERY"}, {"name": "parentSuite", "value": "testcase.ACS"}, {"name": "suite", "value": "test_static_group_member"}, {"name": "subSuite", "value": "TestStaticGroupMember"}, {"name": "host", "value": "Cherry-640879"}, {"name": "thread", "value": "23348-MainThread"}, {"name": "framework", "value": "pytest"}, {"name": "language", "value": "cpython3"}, {"name": "package", "value": "testcase.ACS.test_static_group_member"}], "links": [{"type": "tms", "url": "CTM-312349", "name": "CTM-312349"}]}