{"name": "Test - create with invalid body", "status": "failed", "statusDetails": {"message": "AssertionError: assert 200 == 400\n +  where 200 = <Response [200]>.status_code", "trace": "self = <testcase.ACS.test_static_group_member.TestStaticGroupMember object at 0x00000223EC1C0C10>\nbase_api = <utils.base_api_acs.BaseAPIACS object at 0x00000223EED3A2F0>\n\n    @allure.feature('CREATE')\n    @allure.title('Test - create with invalid body')\n    def test_create_invalid(self,base_api):\n>      ACSAPI.verify_create_invalid(self,base_api,endpoint)\n\ntestcase\\ACS\\test_static_group_member.py:164: \n_ _ _ _ _ _ _ _ _ _ _ _ _ _ _ _ _ _ _ _ _ _ _ _ _ _ _ _ _ _ _ _ _ _ _ _ _ _ _ _\n\nself = <testcase.ACS.test_static_group_member.TestStaticGroupMember object at 0x00000223EC1C0C10>\nbase_api = <utils.base_api_acs.BaseAPIACS object at 0x00000223EED3A2F0>\nendpoint = 'static-group-member'\n\n    def verify_create_invalid(self,base_api,endpoint):\n        create_data ={}\n        response_create = base_api.create(endpoint,create_data,need_random=True, field=\"name\")\n>       assert response_create.status_code == 400\nE       assert 200 == 400\nE        +  where 200 = <Response [200]>.status_code\n\ntestcase\\ACS\\test_api_acs_common.py:163: AssertionError"}, "attachments": [{"name": "Request Info", "source": "bad8bd99-f9cb-46b3-a8d4-9c674b1d47e8-attachment.json", "type": "application/json"}, {"name": "Response Info", "source": "7179b405-789a-4497-86b9-46fe9c00c97f-attachment.json", "type": "application/json"}], "parameters": [{"name": "base_api", "value": "'dev'"}], "start": 1749175948333, "stop": 1749175979549, "uuid": "83174672-31ac-4456-83fb-3dbb49edfe87", "historyId": "ac1d466c5ea9ad5dc4df48694684192e", "testCaseId": "39826cba049008e5c64dfc3f2aeacf0a", "fullName": "testcase.ACS.test_static_group_member.TestStaticGroupMember#test_create_invalid", "labels": [{"name": "feature", "value": "CREATE"}, {"name": "epic", "value": "ACS Static Group Member API"}, {"name": "parentSuite", "value": "testcase.ACS"}, {"name": "suite", "value": "test_static_group_member"}, {"name": "subSuite", "value": "TestStaticGroupMember"}, {"name": "host", "value": "Cherry-640879"}, {"name": "thread", "value": "19868-MainThread"}, {"name": "framework", "value": "pytest"}, {"name": "language", "value": "cpython3"}, {"name": "package", "value": "testcase.ACS.test_static_group_member"}], "links": [{"type": "tms", "url": "CTM-312349", "name": "CTM-312349"}]}