{"name": "Test - get all the system groups with different params:{params}", "status": "failed", "statusDetails": {"message": "AssertionError: assert 500 == 200\n +  where 500 = <Response [500]>.status_code", "trace": "self = <testcase.ACS.test_system_group.TestSystemGroup object at 0x0000025724E03160>\nbase_api = <utils.base_api_acs.BaseAPIACS object at 0x0000025727A53D30>\nparam = {'excludeOnBoot': False, 'limit': 3, 'skip': 1, 'type': 'static'}\n\n    @allure.title('Test - get all the system groups with different params:{params}')\n    @pytest.mark.parametrize('param', [\n        {\n        },\n        {\n             \"limit\": 2,\n        },\n        {\n            \"skip\": 1,\n            \"limit\": 3,\n            \"excludeOnBoot\":False,\n            \"type\": \"dynamic\"\n        },\n        {\n            \"skip\": 1,\n            \"limit\": 3,\n            \"excludeOnBoot\":False,\n            \"type\": \"static\"\n        }\n    ])\n    def test_get_group_list_param(self,base_api,param):\n        response = base_api.get_list_by_param(endpoint,param)\n>       assert response.status_code == 200\nE       assert 500 == 200\nE        +  where 500 = <Response [500]>.status_code\n\ntestcase\\ACS\\test_system_group.py:215: AssertionError"}, "attachments": [{"name": "Request Info", "source": "3d20fe71-8f4c-40aa-a98f-f3f0c7931664-attachment.json", "type": "application/json"}, {"name": "Response Info", "source": "1e8223ef-08ac-440d-bfe9-dd8ba1c0830b-attachment.json", "type": "application/json"}], "parameters": [{"name": "base_api", "value": "'test'"}, {"name": "param", "value": "{'skip': 1, 'limit': 3, 'excludeOnBoot': False, 'type': 'static'}"}], "start": 1749580046513, "stop": 1749580049486, "uuid": "7d528dca-a40b-4ea3-affb-7e1541bfa2e3", "historyId": "2a916099cad55af6c3236b3d0459eae6", "testCaseId": "29d73ebb101a45f5096c75fe4edb60d0", "fullName": "testcase.ACS.test_system_group.TestSystemGroup#test_get_group_list_param", "labels": [{"name": "epic", "value": "Test - SystemGroup API"}, {"name": "parentSuite", "value": "testcase.ACS"}, {"name": "suite", "value": "test_system_group"}, {"name": "subSuite", "value": "TestSystemGroup"}, {"name": "host", "value": "Cherry-640879"}, {"name": "thread", "value": "36516-MainThread"}, {"name": "framework", "value": "pytest"}, {"name": "language", "value": "cpython3"}, {"name": "package", "value": "testcase.ACS.test_system_group"}]}