{"name": "Test - get all the system groups with different params:None", "status": "failed", "statusDetails": {"message": "AssertionError: assert 500 == 200\n +  where 500 = <Response [500]>.status_code", "trace": "self = <testcase.ACS.test_system_group.TestSystemGroup object at 0x0000019F99E2A410>\nbase_api = <utils.base_api_acs.BaseAPIACS object at 0x0000019F99AFECB0>\nparam = {'excludeOnBoot': False, 'limit': 3, 'skip': 1, 'type': 'static'}\n\n    @allure.title(f'Test - get all the system groups with different params:{params}')\n    @pytest.mark.parametrize('param', [\n        {\n        },\n        {\n             \"limit\": 2,\n        },\n        {\n            \"skip\": 1,\n            \"limit\": 3,\n            \"excludeOnBoot\":False,\n            \"type\": \"dynamic\"\n        },\n        {\n            \"skip\": 1,\n            \"limit\": 3,\n            \"excludeOnBoot\":False,\n            \"type\": \"static\"\n        }\n    ])\n    def test_get_group_list_param(self,base_api,param):\n        response = base_api.get_list_by_param(endpoint,param)\n>       assert response.status_code == 200\nE       assert 500 == 200\nE        +  where 500 = <Response [500]>.status_code\n\ntestcase\\ACS\\test_system_group.py:213: AssertionError"}, "attachments": [{"name": "Request Info", "source": "509fa0dd-0ffe-424f-b29e-319aeafd19b7-attachment.json", "type": "application/json"}, {"name": "Response Info", "source": "98429df1-dcbf-4499-9110-b614c60ddb91-attachment.json", "type": "application/json"}], "parameters": [{"name": "base_api", "value": "'dev'"}, {"name": "param", "value": "{'skip': 1, 'limit': 3, 'excludeOnBoot': False, 'type': 'static'}"}], "start": 1748590212019, "stop": 1748590212519, "uuid": "eab35d1b-b7b7-485e-b719-39b899f8a01b", "historyId": "9ff2ef0a34da679b2e148e9a6816a9a2", "testCaseId": "29d73ebb101a45f5096c75fe4edb60d0", "fullName": "testcase.ACS.test_system_group.TestSystemGroup#test_get_group_list_param", "labels": [{"name": "epic", "value": "Test - SystemGroup API"}, {"name": "parentSuite", "value": "testcase.ACS"}, {"name": "suite", "value": "test_system_group"}, {"name": "subSuite", "value": "TestSystemGroup"}, {"name": "host", "value": "Cherry-640879"}, {"name": "thread", "value": "23348-MainThread"}, {"name": "framework", "value": "pytest"}, {"name": "language", "value": "cpython3"}, {"name": "package", "value": "testcase.ACS.test_system_group"}]}