{"name": "Test - get record ", "status": "failed", "statusDetails": {"message": "AssertionError: assert 500 == 200\n +  where 500 = <Response [500]>.status_code", "trace": "self = <testcase.ACS.test_configuration_profile.TestConfigurationProfile object at 0x000001BC6CE75120>\nbase_api = <utils.base_api_acs.BaseAPIACS object at 0x000001BC6D201780>\nparams = {'name': 'test_ds_hk2_tp4'}\n\n    @allure.title('Test - get record ')\n    @pytest.mark.parametrize('params',[{\"name\": \"test_ds_hk2_tp4\"}])\n    def test_get_list_by_param(self,base_api,params):\n      response = base_api.get_list_by_param(endpoint,params)\n>     assert response.status_code == 200\nE     assert 500 == 200\nE      +  where 500 = <Response [500]>.status_code\n\ntestcase\\ACS\\test_configuration_profile.py:76: AssertionError"}, "attachments": [{"name": "Request Info", "source": "1cbdf229-c417-4a25-9e8c-beb7510ab0de-attachment.json", "type": "application/json"}, {"name": "Response Info", "source": "14d50598-974f-482f-ba7c-f46bf484fb39-attachment.json", "type": "application/json"}], "parameters": [{"name": "base_api", "value": "'test'"}, {"name": "params", "value": "{'name': 'test_ds_hk2_tp4'}"}], "start": 1749140308296, "stop": 1749140309249, "uuid": "8e2f83c6-cb6b-4f19-8605-fb69504b254b", "historyId": "ca3ed4a480547e37d7f7990b84b5447a", "testCaseId": "0e31e6ce8e946c47c8df72562e88ccef", "fullName": "testcase.ACS.test_configuration_profile.TestConfigurationProfile#test_get_list_by_param", "labels": [{"name": "parentSuite", "value": "testcase.ACS"}, {"name": "suite", "value": "test_configuration_profile"}, {"name": "subSuite", "value": "TestConfigurationProfile"}, {"name": "host", "value": "Cherry-640879"}, {"name": "thread", "value": "50112-MainThread"}, {"name": "framework", "value": "pytest"}, {"name": "language", "value": "cpython3"}, {"name": "package", "value": "testcase.ACS.test_configuration_profile"}]}