{"name": "Test - create static system group, create static group members , display the system group and check this group can't be deleted", "status": "failed", "statusDetails": {"message": "AssertionError: assert 400 == 200\n +  where 400 = <Response [400]>.status_code", "trace": "self = <testcase.ACS.test_system_group.TestSystemGroup object at 0x00000188095C3160>\nbase_api = <utils.base_api_acs.BaseAPIACS object at 0x000001880A911750>\n\n    @allure.title('Test - create static system group, create static group members , display the system group and check this group can\\'t be deleted')\n    def test_create_group_static(self,base_api):\n        # create a static system group\n        response = base_api.create(endpoint,file_paths['static'],params,need_random=True, field=\"name\")\n>       assert response.status_code == 200\nE       assert 400 == 200\nE        +  where 400 = <Response [400]>.status_code\n\ntestcase\\ACS\\test_system_group.py:251: AssertionError"}, "attachments": [{"name": "Request Info", "source": "0cfd00f2-5390-4793-875d-9a0fed75d8e1-attachment.json", "type": "application/json"}, {"name": "Response Info", "source": "f06bcfe9-4040-4d00-a420-f480c7c4ef25-attachment.json", "type": "application/json"}], "parameters": [{"name": "base_api", "value": "'test'"}], "start": 1748543000344, "stop": 1748543002029, "uuid": "1d897478-8ec9-43d1-8b76-2b37412990d5", "historyId": "6419f39ea8ee9a26f43b002bb19b56f9", "testCaseId": "bb412d322b69c066407431398e48218b", "fullName": "testcase.ACS.test_system_group.TestSystemGroup#test_create_group_static", "labels": [{"name": "epic", "value": "Test - SystemGroup API"}, {"name": "parentSuite", "value": "testcase.ACS"}, {"name": "suite", "value": "test_system_group"}, {"name": "subSuite", "value": "TestSystemGroup"}, {"name": "host", "value": "Cherry-640879"}, {"name": "thread", "value": "23192-MainThread"}, {"name": "framework", "value": "pytest"}, {"name": "language", "value": "cpython3"}, {"name": "package", "value": "testcase.ACS.test_system_group"}]}