{"name": "Test - get all the system groups with different params:None", "status": "failed", "statusDetails": {"message": "AssertionError: assert 500 == 200\n +  where 500 = <Response [500]>.status_code", "trace": "self = <testcase.ACS.test_system_group.TestSystemGroup object at 0x0000019F99E2ACB0>\nbase_api = <utils.base_api_acs.BaseAPIACS object at 0x0000019F99D86FE0>\nparam = {'excludeOnBoot': False, 'limit': 3, 'skip': 1, 'type': 'dynamic'}\n\n    @allure.title(f'Test - get all the system groups with different params:{params}')\n    @pytest.mark.parametrize('param', [\n        {\n        },\n        {\n             \"limit\": 2,\n        },\n        {\n            \"skip\": 1,\n            \"limit\": 3,\n            \"excludeOnBoot\":False,\n            \"type\": \"dynamic\"\n        },\n        {\n            \"skip\": 1,\n            \"limit\": 3,\n            \"excludeOnBoot\":False,\n            \"type\": \"static\"\n        }\n    ])\n    def test_get_group_list_param(self,base_api,param):\n        response = base_api.get_list_by_param(endpoint,param)\n>       assert response.status_code == 200\nE       assert 500 == 200\nE        +  where 500 = <Response [500]>.status_code\n\ntestcase\\ACS\\test_system_group.py:213: AssertionError"}, "attachments": [{"name": "Request Info", "source": "a5b02756-f863-417b-9406-8fdda4c2fc93-attachment.json", "type": "application/json"}, {"name": "Response Info", "source": "455c3bf8-c536-4144-8a9d-9cb0eb3d0e03-attachment.json", "type": "application/json"}], "parameters": [{"name": "base_api", "value": "'dev'"}, {"name": "param", "value": "{'skip': 1, 'limit': 3, 'excludeOnBoot': False, 'type': 'dynamic'}"}], "start": 1748590211519, "stop": 1748590212006, "uuid": "0df0a69b-e52c-43e9-b3c5-f2af1d10842b", "historyId": "a47a00087149bf035c1f079482d964a1", "testCaseId": "29d73ebb101a45f5096c75fe4edb60d0", "fullName": "testcase.ACS.test_system_group.TestSystemGroup#test_get_group_list_param", "labels": [{"name": "epic", "value": "Test - SystemGroup API"}, {"name": "parentSuite", "value": "testcase.ACS"}, {"name": "suite", "value": "test_system_group"}, {"name": "subSuite", "value": "TestSystemGroup"}, {"name": "host", "value": "Cherry-640879"}, {"name": "thread", "value": "23348-MainThread"}, {"name": "framework", "value": "pytest"}, {"name": "language", "value": "cpython3"}, {"name": "package", "value": "testcase.ACS.test_system_group"}]}