{"name": "Test - test the paramter are case-insensitive ", "status": "failed", "statusDetails": {"message": "AssertionError: assert 500 == 200\n +  where 500 = <Response [500]>.status_code", "trace": "self = <testcase.ACS.test_workflow.TestWorkflow object at 0x00000127E7FD3B50>\nbase_api = <utils.base_api_acs.BaseAPIACS object at 0x00000127E8023D90>\n\n    @allure.title('Test - test the paramter are case-insensitive ')\n    def test_get_case_sensitive(self,base_api):\n      name = \"test_workflow\"\n      params={\"name\": name,\"limit\": 2}\n      response = base_api.get_list_by_param(endpoint,params)\n>     assert response.status_code == 200\nE     assert 500 == 200\nE      +  where 500 = <Response [500]>.status_code\n\ntestcase\\ACS\\test_workflow.py:88: AssertionError"}, "attachments": [{"name": "Request Info", "source": "219f86a3-0c5c-450e-8f86-af61c414a61c-attachment.json", "type": "application/json"}, {"name": "Response Info", "source": "bc8d0cea-bfb9-446f-97b4-a552976b7a29-attachment.json", "type": "application/json"}], "parameters": [{"name": "base_api", "value": "'test'"}], "start": 1750444149297, "stop": 1750444153683, "uuid": "47111c6d-c874-424c-9521-20769ff3f23b", "historyId": "fd3fc47bc894d1212e67bf114740ce31", "testCaseId": "5e17868aa6deea8ce4ef8f7804858020", "fullName": "testcase.ACS.test_workflow.TestWorkflow#test_get_case_sensitive", "labels": [{"name": "parentSuite", "value": "testcase.ACS"}, {"name": "suite", "value": "test_workflow"}, {"name": "subSuite", "value": "TestWorkflow"}, {"name": "host", "value": "Cherry-640879"}, {"name": "thread", "value": "36600-MainThread"}, {"name": "framework", "value": "pytest"}, {"name": "language", "value": "cpython3"}, {"name": "package", "value": "testcase.ACS.test_workflow"}]}