{"name": "Test - get record ", "status": "failed", "statusDetails": {"message": "AssertionError: assert 400 == 200\n +  where 400 = <Response [400]>.status_code", "trace": "self = <testcase.ACS.test_workflow.TestWorkflow object at 0x000002C986A797E0>\nbase_api = <utils.base_api_acs.BaseAPIACS object at 0x000002C989A06E00>\nparams = {'orderBy': {'name': -1}}\n\n    @allure.title('Test - get record ')\n    @pytest.mark.parametrize('params',[{\"orderBy\":{\"name\":-1}}])\n    def test_get_list_by_param(self,base_api,params):\n      response = base_api.get_list_by_param(endpoint,params)\n>     assert response.status_code == 200\nE     assert 400 == 200\nE      +  where 400 = <Response [400]>.status_code\n\ntestcase\\ACS\\test_workflow.py:107: AssertionError"}, "attachments": [{"name": "Request Info", "source": "7453b43d-f071-4a4e-bbe5-3ab81720d30b-attachment.json", "type": "application/json"}, {"name": "Response Info", "source": "33a8ec60-fab8-4f1f-8e14-5b16638f2cc3-attachment.json", "type": "application/json"}], "parameters": [{"name": "base_api", "value": "'test'"}, {"name": "params", "value": "{'orderBy': {'name': -1}}"}], "start": 1750185124972, "stop": 1750185129879, "uuid": "a568dcf1-e7b0-4e8e-b06f-29153938cd71", "historyId": "a3571ae8e57426baff4c6798ca1a2eef", "testCaseId": "5ace00c3f90eea0ac1aeecc6b8958b2d", "fullName": "testcase.ACS.test_workflow.TestWorkflow#test_get_list_by_param", "labels": [{"name": "parentSuite", "value": "testcase.ACS"}, {"name": "suite", "value": "test_workflow"}, {"name": "subSuite", "value": "TestWorkflow"}, {"name": "host", "value": "Cherry-640879"}, {"name": "thread", "value": "40028-MainThread"}, {"name": "framework", "value": "pytest"}, {"name": "language", "value": "cpython3"}, {"name": "package", "value": "testcase.ACS.test_workflow"}]}