{"name": "Negative Test - get all the static group member with different param:None", "status": "failed", "statusDetails": {"message": "AssertionError: assert 500 == 200\n +  where 500 = <Response [500]>.status_code", "trace": "self = <testcase.ACS.test_static_group_member.TestStaticGroupMember object at 0x000001FF650007F0>\nbase_api = <utils.base_api_acs.BaseAPIACS object at 0x000001FF664F92D0>\nparam = None\n\n    @allure.feature('QUERY')\n    @allure.title(f'Negative Test - get all the static group member with different param:{param}')\n    @pytest.mark.parametrize('param', [\n        None,\n        {\n            \"limit\": -2\n        },\n        {\n            \"_id\": \"non-exsit\"\n        },\n        {\n            \"groupId\":\"non-exsit\"\n        },\n         {\n            \"memberInfo\":\"non-exsit\"\n        }\n    ])\n    def test_get_member_list_negative(self,base_api,param):\n        response = base_api.get_list_by_param(endpoint,param)\n        if param == {\"limit\": -2} :\n            assert response.status_code == 500\n        else:\n>           assert response.status_code == 200\nE           assert 500 == 200\nE            +  where 500 = <Response [500]>.status_code\n\ntestcase\\ACS\\test_static_group_member.py:402: AssertionError"}, "attachments": [{"name": "Request Info", "source": "5ee6088b-407c-40fc-bed6-eb339e5125cd-attachment.json", "type": "application/json"}, {"name": "Response Info", "source": "c81fe9f5-5526-4aa9-bc01-e5e4780a2911-attachment.json", "type": "application/json"}], "parameters": [{"name": "base_api", "value": "'dev'"}, {"name": "param", "value": "None"}], "start": 1748591272946, "stop": 1748591273460, "uuid": "32b3cea9-8935-4402-a4e6-a8724a7dd53c", "historyId": "53b6ec60cba632a796e0dc4bd6820a5a", "testCaseId": "621c0c826c57d6e71b5911c7b14fd5b0", "fullName": "testcase.ACS.test_static_group_member.TestStaticGroupMember#test_get_member_list_negative", "labels": [{"name": "feature", "value": "QUERY"}, {"name": "epic", "value": "ACS Stati cGroup Member API"}, {"name": "parentSuite", "value": "testcase.ACS"}, {"name": "suite", "value": "test_static_group_member"}, {"name": "subSuite", "value": "TestStaticGroupMember"}, {"name": "host", "value": "Cherry-640879"}, {"name": "thread", "value": "28084-MainThread"}, {"name": "framework", "value": "pytest"}, {"name": "language", "value": "cpython3"}, {"name": "package", "value": "testcase.ACS.test_static_group_member"}], "links": [{"type": "tms", "url": "CTM-312349", "name": "CTM-312349"}]}