{"name": "Test - get record ", "status": "failed", "statusDetails": {"message": "AssertionError: assert 504 == 200\n +  where 504 = <Response [504]>.status_code", "trace": "self = <testcase.ACS.test_workflow.TestWorkflow object at 0x0000021CA09A89D0>\nbase_api = <utils.base_api_acs.BaseAPIACS object at 0x0000021CA32D45B0>\nparams = {'orderBy': {'name': -1}}\n\n>   ???\nE   assert 504 == 200\nE    +  where 504 = <Response [504]>.status_code\n\nC:\\actions-runner\\actions-runner-win-x64-2.324.0\\_work\\api_automation\\testcase\\ACS\\test_workflow.py:80: AssertionError"}, "attachments": [{"name": "Request Info", "source": "65cfa6c9-ca03-46c5-8663-a9bb53e2fe19-attachment.json", "type": "application/json"}, {"name": "Response Info", "source": "2ec22d24-c2e5-4a43-aeec-efb0b8d8fcbd-attachment.json", "type": "application/json"}], "parameters": [{"name": "base_api", "value": "'dev'"}, {"name": "params", "value": "{'orderBy': {'name': -1}}"}], "start": 1748328061834, "stop": 1748328092758, "uuid": "6782fb76-04f4-419e-8e1a-1bf07a64eda1", "historyId": "dccb568bc7eac189ff4319d6137e6ca4", "testCaseId": "5ace00c3f90eea0ac1aeecc6b8958b2d", "fullName": "testcase.ACS.test_workflow.TestWorkflow#test_get_list_by_param", "labels": [{"name": "parentSuite", "value": "testcase.ACS"}, {"name": "suite", "value": "test_workflow"}, {"name": "subSuite", "value": "TestWorkflow"}, {"name": "host", "value": "Cherry-640879"}, {"name": "thread", "value": "51132-MainThread"}, {"name": "framework", "value": "pytest"}, {"name": "language", "value": "cpython3"}, {"name": "package", "value": "testcase.ACS.test_workflow"}]}