{"name": "Test - test the paramter are case-insensitive ", "status": "failed", "statusDetails": {"message": "AssertionError: assert 500 == 200\n +  where 500 = <Response [500]>.status_code", "trace": "self = <testcase.ACS.test_workflow.TestWorkflow object at 0x0000025724C25000>\nbase_api = <utils.base_api_acs.BaseAPIACS object at 0x0000025727A2CC10>\n\n    @allure.title('Test - test the paramter are case-insensitive ')\n    def test_get_case_sensitive(self,base_api):\n      name = \"test_workflow\"\n      params={\"name\": name,\"limit\": 2}\n      response = base_api.get_list_by_param(endpoint,params)\n>     assert response.status_code == 200\nE     assert 500 == 200\nE      +  where 500 = <Response [500]>.status_code\n\ntestcase\\ACS\\test_workflow.py:88: AssertionError"}, "attachments": [{"name": "Request Info", "source": "47007756-a50a-46c3-b753-67e234d5e555-attachment.json", "type": "application/json"}, {"name": "Response Info", "source": "49f56610-b6d9-4eca-b3db-2bbfcd372794-attachment.json", "type": "application/json"}], "parameters": [{"name": "base_api", "value": "'test'"}], "start": 1749580089317, "stop": 1749580092211, "uuid": "7c614e8e-a802-43c7-bd23-6388eec32138", "historyId": "fd3fc47bc894d1212e67bf114740ce31", "testCaseId": "5e17868aa6deea8ce4ef8f7804858020", "fullName": "testcase.ACS.test_workflow.TestWorkflow#test_get_case_sensitive", "labels": [{"name": "parentSuite", "value": "testcase.ACS"}, {"name": "suite", "value": "test_workflow"}, {"name": "subSuite", "value": "TestWorkflow"}, {"name": "host", "value": "Cherry-640879"}, {"name": "thread", "value": "36516-MainThread"}, {"name": "framework", "value": "pytest"}, {"name": "language", "value": "cpython3"}, {"name": "package", "value": "testcase.ACS.test_workflow"}]}