{"name": "Test - create record ", "status": "failed", "statusDetails": {"message": "AssertionError: assert 400 == 200\n +  where 400 = <Response [400]>.status_code", "trace": "self = <testcase.ACS.test_configuration_profile.TestConfigurationProfile object at 0x00000188095C7280>\nbase_api = <utils.base_api_acs.BaseAPIACS object at 0x00000188092493F0>\n\n    @allure.title('Test - create record ')\n    def test_create(self,base_api):\n        global model_id\n        # create a record\n        response_create = base_api.create(endpoint,file_path[\"profile\"],params,False,\"name\")\n>       assert response_create.status_code == 200\nE       assert 400 == 200\nE        +  where 400 = <Response [400]>.status_code\n\ntestcase\\ACS\\test_configuration_profile.py:44: AssertionError"}, "attachments": [{"name": "Request Info", "source": "c800f33b-fe31-499d-b959-0c3099815129-attachment.json", "type": "application/json"}, {"name": "Response Info", "source": "0dd4b4a3-e116-4b3b-97e4-5e1e1a243ccd-attachment.json", "type": "application/json"}], "parameters": [{"name": "base_api", "value": "'aws'"}], "start": 1748542619092, "stop": 1748542620754, "uuid": "8d9f53b8-8c5b-4692-a780-01ea0196ec6b", "historyId": "194f0bb2b309469f4e07ed413c04bbd7", "testCaseId": "d8a8d363a33e02162de6f78bd2943105", "fullName": "testcase.ACS.test_configuration_profile.TestConfigurationProfile#test_create", "labels": [{"name": "parentSuite", "value": "testcase.ACS"}, {"name": "suite", "value": "test_configuration_profile"}, {"name": "subSuite", "value": "TestConfigurationProfile"}, {"name": "host", "value": "Cherry-640879"}, {"name": "thread", "value": "23192-MainThread"}, {"name": "framework", "value": "pytest"}, {"name": "language", "value": "cpython3"}, {"name": "package", "value": "testcase.ACS.test_configuration_profile"}]}