{"name": "Test - create record ", "status": "failed", "statusDetails": {"message": "AssertionError: assert 400 == 200\n +  where 400 = <Response [400]>.status_code", "trace": "self = <testcase.ACS.test_configuration_profile.TestConfigurationProfile object at 0x000001F1D0C80520>\nbase_api = <utils.base_api_acs.BaseAPIACS object at 0x000001F1D3263A30>\n\n    @allure.title('Test - create record ')\n    def test_create(self,base_api):\n        global model_id\n        # create a record\n        response_create = base_api.create(endpoint,file_path[\"profile\"],False,\"name\")\n>       assert response_create.status_code == 200\nE       assert 400 == 200\nE        +  where 400 = <Response [400]>.status_code\n\ntestcase\\ACS\\test_configuration_profile.py:44: AssertionError"}, "attachments": [{"name": "Request Info", "source": "f255980f-2bda-469c-88c5-ecbf36c27db4-attachment.json", "type": "application/json"}, {"name": "Response Info", "source": "0c151ac6-5e8b-4117-a375-04705455cd95-attachment.json", "type": "application/json"}], "parameters": [{"name": "base_api", "value": "'dev'"}], "start": 1749013965680, "stop": 1749013967687, "uuid": "56871ff1-d5f7-4e4f-ba42-0e0a4f396d44", "historyId": "562f88898495b67e3a4ddb5da7b3d311", "testCaseId": "d8a8d363a33e02162de6f78bd2943105", "fullName": "testcase.ACS.test_configuration_profile.TestConfigurationProfile#test_create", "labels": [{"name": "parentSuite", "value": "testcase.ACS"}, {"name": "suite", "value": "test_configuration_profile"}, {"name": "subSuite", "value": "TestConfigurationProfile"}, {"name": "host", "value": "Cherry-640879"}, {"name": "thread", "value": "52404-MainThread"}, {"name": "framework", "value": "pytest"}, {"name": "language", "value": "cpython3"}, {"name": "package", "value": "testcase.ACS.test_configuration_profile"}]}