{"name": "Test - get record ", "status": "failed", "statusDetails": {"message": "AssertionError: assert 500 == 200\n +  where 500 = <Response [500]>.status_code", "trace": "self = <testcase.ACS.test_workflow.TestWorkflow object at 0x0000019F99E50910>\nbase_api = <utils.base_api_acs.BaseAPIACS object at 0x0000019F99B1E500>\nparams = {'orderBy': {'name': -1}}\n\n    @allure.title('Test - get record ')\n    @pytest.mark.parametrize('params',[{\"orderBy\":{\"name\":-1}}])\n    def test_get_list_by_param(self,base_api,params):\n      response = base_api.get_list_by_param(endpoint,params)\n>     assert response.status_code == 200\nE     assert 500 == 200\nE      +  where 500 = <Response [500]>.status_code\n\ntestcase\\ACS\\test_workflow.py:86: AssertionError"}, "attachments": [{"name": "Request Info", "source": "a5818b9d-4fce-411a-b267-73787e50fcc8-attachment.json", "type": "application/json"}, {"name": "Response Info", "source": "880cc67a-a952-4a1f-a3f8-1ed97e66d4a2-attachment.json", "type": "application/json"}], "parameters": [{"name": "base_api", "value": "'dev'"}, {"name": "params", "value": "{'orderBy': {'name': -1}}"}], "start": 1748590224140, "stop": 1748590224602, "uuid": "012b0fef-b396-4fe8-a943-7d0b5809d718", "historyId": "dccb568bc7eac189ff4319d6137e6ca4", "testCaseId": "5ace00c3f90eea0ac1aeecc6b8958b2d", "fullName": "testcase.ACS.test_workflow.TestWorkflow#test_get_list_by_param", "labels": [{"name": "parentSuite", "value": "testcase.ACS"}, {"name": "suite", "value": "test_workflow"}, {"name": "subSuite", "value": "TestWorkflow"}, {"name": "host", "value": "Cherry-640879"}, {"name": "thread", "value": "23348-MainThread"}, {"name": "framework", "value": "pytest"}, {"name": "language", "value": "cpython3"}, {"name": "package", "value": "testcase.ACS.test_workflow"}]}