{"name": "Test - get record ", "status": "failed", "statusDetails": {"message": "AssertionError: assert 500 == 200\n +  where 500 = <Response [500]>.status_code", "trace": "self = <testcase.ACS.test_workflow.TestWorkflow object at 0x0000023D6CCAFF40>\nbase_api = <utils.base_api_acs.BaseAPIACS object at 0x0000023D712BA140>\nparams = {'orderBy': {'name': -1}}\n\n    @allure.title('Test - get record ')\n    @pytest.mark.parametrize('params',[{\"orderBy\":{\"name\":-1}}])\n    def test_get_list_by_param(self,base_api,params):\n      response = base_api.get_list_by_param(endpoint,params)\n>     assert response.status_code == 200\nE     assert 500 == 200\nE      +  where 500 = <Response [500]>.status_code\n\ntestcase\\ACS\\test_workflow.py:107: AssertionError"}, "attachments": [{"name": "Request Info", "source": "52b8e989-f4bd-4417-86f9-fa7948b7b079-attachment.json", "type": "application/json"}, {"name": "Response Info", "source": "ce31fda4-194f-4630-a23d-24dae981eedb-attachment.json", "type": "application/json"}], "parameters": [{"name": "base_api", "value": "'test'"}, {"name": "params", "value": "{'orderBy': {'name': -1}}"}], "start": 1749623440803, "stop": 1749623443683, "uuid": "e3c50735-2bab-4af3-8880-b1a8b417c3c9", "historyId": "a3571ae8e57426baff4c6798ca1a2eef", "testCaseId": "5ace00c3f90eea0ac1aeecc6b8958b2d", "fullName": "testcase.ACS.test_workflow.TestWorkflow#test_get_list_by_param", "labels": [{"name": "parentSuite", "value": "testcase.ACS"}, {"name": "suite", "value": "test_workflow"}, {"name": "subSuite", "value": "TestWorkflow"}, {"name": "host", "value": "Cherry-640879"}, {"name": "thread", "value": "44408-MainThread"}, {"name": "framework", "value": "pytest"}, {"name": "language", "value": "cpython3"}, {"name": "package", "value": "testcase.ACS.test_workflow"}]}