{"name": "Test - create record ", "status": "failed", "statusDetails": {"message": "AssertionError: assert 409 == 200\n +  where 409 = <Response [409]>.status_code", "trace": "self = <testcase.ACS.test_configuration_profile.TestConfigurationProfile object at 0x00000227BDF196C0>\nbase_api = <utils.base_api_acs.BaseAPIACS object at 0x00000227BF4EF6A0>\n\n    @allure.title('Test - create record ')\n    def test_create(self,base_api):\n        global model_id\n        # create a record\n        response_create = base_api.create(endpoint,file_path[\"profile\"],False,\"name\")\n>       assert response_create.status_code == 200\nE       assert 409 == 200\nE        +  where 409 = <Response [409]>.status_code\n\ntestcase\\ACS\\test_configuration_profile.py:44: AssertionError"}, "attachments": [{"name": "Request Info", "source": "1afe17c6-2243-4acd-a606-b9d03e9a719c-attachment.json", "type": "application/json"}, {"name": "Response Info", "source": "20a71dc7-e697-4bdc-bcf1-fb7b7befaa3c-attachment.json", "type": "application/json"}], "parameters": [{"name": "base_api", "value": "'aws'"}], "start": 1748369753759, "stop": 1748369754830, "uuid": "751dffdb-36c5-4d9e-836b-36027968bddc", "historyId": "194f0bb2b309469f4e07ed413c04bbd7", "testCaseId": "d8a8d363a33e02162de6f78bd2943105", "fullName": "testcase.ACS.test_configuration_profile.TestConfigurationProfile#test_create", "labels": [{"name": "parentSuite", "value": "testcase.ACS"}, {"name": "suite", "value": "test_configuration_profile"}, {"name": "subSuite", "value": "TestConfigurationProfile"}, {"name": "host", "value": "Cherry-640879"}, {"name": "thread", "value": "32716-MainThread"}, {"name": "framework", "value": "pytest"}, {"name": "language", "value": "cpython3"}, {"name": "package", "value": "testcase.ACS.test_configuration_profile"}]}