{"name": "Test - test the paramter are case-insensitive ", "status": "failed", "statusDetails": {"message": "AssertionError: assert 500 == 200\n +  where 500 = <Response [500]>.status_code", "trace": "self = <testcase.ACS.test_workflow.TestWorkflow object at 0x0000019F99E506D0>\nbase_api = <utils.base_api_acs.BaseAPIACS object at 0x0000019F99C07CA0>\n\n    @allure.title('Test - test the paramter are case-insensitive ')\n    def test_get_case_sensitive(self,base_api):\n      name = \"test_workflow\"\n      params={\"name\": name,\"limit\": 2}\n      response = base_api.get_list_by_param(endpoint,params)\n>     assert response.status_code == 200\nE     assert 500 == 200\nE      +  where 500 = <Response [500]>.status_code\n\ntestcase\\ACS\\test_workflow.py:67: AssertionError"}, "attachments": [{"name": "Request Info", "source": "989e2222-85d7-45dc-9422-8a67b6f03f5d-attachment.json", "type": "application/json"}, {"name": "Response Info", "source": "f6f0037d-2565-4614-a134-f1f80e465fe3-attachment.json", "type": "application/json"}], "parameters": [{"name": "base_api", "value": "'dev'"}], "start": 1748590223618, "stop": 1748590224122, "uuid": "58a3103a-d19e-406c-8ec1-0a32b55b7de6", "historyId": "90531c650c98a7b3561123a257397ff8", "testCaseId": "5e17868aa6deea8ce4ef8f7804858020", "fullName": "testcase.ACS.test_workflow.TestWorkflow#test_get_case_sensitive", "labels": [{"name": "parentSuite", "value": "testcase.ACS"}, {"name": "suite", "value": "test_workflow"}, {"name": "subSuite", "value": "TestWorkflow"}, {"name": "host", "value": "Cherry-640879"}, {"name": "thread", "value": "23348-MainThread"}, {"name": "framework", "value": "pytest"}, {"name": "language", "value": "cpython3"}, {"name": "package", "value": "testcase.ACS.test_workflow"}]}