{"name": "Test - test the paramter are case-insensitive ", "status": "failed", "statusDetails": {"message": "AssertionError: assert 504 == 200\n +  where 504 = <Response [504]>.status_code", "trace": "self = <testcase.ACS.test_workflow.TestWorkflow object at 0x0000021CA09AAC50>\nbase_api = <utils.base_api_acs.BaseAPIACS object at 0x0000021CA32D4490>\n\n>   ???\nE   assert 504 == 200\nE    +  where 504 = <Response [504]>.status_code\n\nC:\\actions-runner\\actions-runner-win-x64-2.324.0\\_work\\api_automation\\testcase\\ACS\\test_workflow.py:61: AssertionError"}, "attachments": [{"name": "Request Info", "source": "85a82dcf-5d25-4c9e-9ca9-4e5f81b19b80-attachment.json", "type": "application/json"}, {"name": "Response Info", "source": "926108c9-9b8e-49f2-b547-a0037e7e755e-attachment.json", "type": "application/json"}], "parameters": [{"name": "base_api", "value": "'dev'"}], "start": 1748328030807, "stop": 1748328061834, "uuid": "aa626a6f-bd03-4237-a1f3-3d897e04c5c1", "historyId": "90531c650c98a7b3561123a257397ff8", "testCaseId": "5e17868aa6deea8ce4ef8f7804858020", "fullName": "testcase.ACS.test_workflow.TestWorkflow#test_get_case_sensitive", "labels": [{"name": "parentSuite", "value": "testcase.ACS"}, {"name": "suite", "value": "test_workflow"}, {"name": "subSuite", "value": "TestWorkflow"}, {"name": "host", "value": "Cherry-640879"}, {"name": "thread", "value": "51132-MainThread"}, {"name": "framework", "value": "pytest"}, {"name": "language", "value": "cpython3"}, {"name": "package", "value": "testcase.ACS.test_workflow"}]}