{"name": "Test - get list ", "status": "failed", "statusDetails": {"message": "AssertionError: assert 504 == 200\n +  where 504 = <Response [504]>.status_code", "trace": "self = <testcase.ACS.test_workflow.TestWorkflow object at 0x0000021CA09AB5B0>\nbase_api = <utils.base_api_acs.BaseAPIACS object at 0x0000021CA35BD330>\nparams = {'limit': 2, 'skip': 0}\n\n>   ???\nE   assert 504 == 200\nE    +  where 504 = <Response [504]>.status_code\n\nC:\\actions-runner\\actions-runner-win-x64-2.324.0\\_work\\api_automation\\testcase\\ACS\\test_workflow.py:27: AssertionError"}, "attachments": [{"name": "Request Info", "source": "3a812715-3e03-4454-b17f-eb011cc664f4-attachment.json", "type": "application/json"}, {"name": "Response Info", "source": "12393d0d-64cc-4d27-9b65-01a67c547577-attachment.json", "type": "application/json"}], "parameters": [{"name": "base_api", "value": "'dev'"}, {"name": "params", "value": "{'limit': 2, 'skip': 0}"}], "start": 1748327968880, "stop": 1748327999802, "uuid": "bca87fb1-5b19-468c-8cbf-9f2905f2073e", "historyId": "656e4a6409deca09e7f0103d61636bbc", "testCaseId": "0dd4fbcfc00e70a10b21c445363bf95e", "fullName": "testcase.ACS.test_workflow.TestWorkflow#test_get_list", "labels": [{"name": "parentSuite", "value": "testcase.ACS"}, {"name": "suite", "value": "test_workflow"}, {"name": "subSuite", "value": "TestWorkflow"}, {"name": "host", "value": "Cherry-640879"}, {"name": "thread", "value": "51132-MainThread"}, {"name": "framework", "value": "pytest"}, {"name": "language", "value": "cpython3"}, {"name": "package", "value": "testcase.ACS.test_workflow"}]}