{"name": "Test - create record ", "status": "failed", "statusDetails": {"message": "AssertionError: assert 409 == 200\n +  where 409 = <Response [409]>.status_code", "trace": "self = <testcase.ACS.test_configuration_profile.TestConfigurationProfile object at 0x0000027D6F6AB730>\nbase_api = <utils.base_api_acs.BaseAPIACS object at 0x0000027D6F438AF0>\n\n    @allure.title('Test - create record ')\n    def test_create(self,base_api):\n        global model_id\n        # create a record\n        response_create = base_api.create(endpoint,file_path[\"profile\"],False,\"name\")\n>       assert response_create.status_code == 200\nE       assert 409 == 200\nE        +  where 409 = <Response [409]>.status_code\n\ntestcase\\ACS\\test_configuration_profile.py:44: AssertionError"}, "attachments": [{"name": "Request Info", "source": "6c9a76fe-c0a8-4b7f-a4d7-1510988fd21f-attachment.json", "type": "application/json"}, {"name": "Response Info", "source": "fa481813-091f-42fb-9590-ace942177931-attachment.json", "type": "application/json"}], "parameters": [{"name": "base_api", "value": "'dev'"}], "start": 1748888242938, "stop": 1748888243629, "uuid": "a15e5934-3520-4470-8495-6855e021c15d", "historyId": "562f88898495b67e3a4ddb5da7b3d311", "testCaseId": "d8a8d363a33e02162de6f78bd2943105", "fullName": "testcase.ACS.test_configuration_profile.TestConfigurationProfile#test_create", "labels": [{"name": "parentSuite", "value": "testcase.ACS"}, {"name": "suite", "value": "test_configuration_profile"}, {"name": "subSuite", "value": "TestConfigurationProfile"}, {"name": "host", "value": "Cherry-640879"}, {"name": "thread", "value": "2208-MainThread"}, {"name": "framework", "value": "pytest"}, {"name": "language", "value": "cpython3"}, {"name": "package", "value": "testcase.ACS.test_configuration_profile"}]}