{"name": "Test - create record ", "status": "failed", "statusDetails": {"message": "AssertionError: assert 400 == 200\n +  where 400 = <Response [400]>.status_code", "trace": "self = <testcase.ACS.test_configuration_profile.TestConfigurationProfile object at 0x000002327CDD3A00>\nbase_api = <utils.base_api_acs.BaseAPIACS object at 0x000002327F8945B0>\n\n    @allure.title('Test - create record ')\n    def test_create(self,base_api):\n        global model_id\n        # create a record\n        response_create = base_api.create(endpoint,load_body(\"profile_create\"),True,\"name\")\n>       assert response_create.status_code == 200\nE       assert 400 == 200\nE        +  where 400 = <Response [400]>.status_code\n\ntestcase\\ACS\\test_configuration_profile.py:60: AssertionError"}, "attachments": [{"name": "Request Info", "source": "52e4fdc0-8f2d-4c8d-bb66-fc7fb58714cc-attachment.json", "type": "application/json"}, {"name": "Response Info", "source": "4abf9e77-172e-4075-91e3-2aba28740e92-attachment.json", "type": "application/json"}], "parameters": [{"name": "base_api", "value": "'test'"}], "start": 1749534193791, "stop": 1749534196151, "uuid": "3cdb6eb5-76aa-4b6b-a893-eff6fc6e2b5f", "historyId": "a81d7b38f59db6bcf7258374682ee1e1", "testCaseId": "d8a8d363a33e02162de6f78bd2943105", "fullName": "testcase.ACS.test_configuration_profile.TestConfigurationProfile#test_create", "labels": [{"name": "parentSuite", "value": "testcase.ACS"}, {"name": "suite", "value": "test_configuration_profile"}, {"name": "subSuite", "value": "TestConfigurationProfile"}, {"name": "host", "value": "Cherry-640879"}, {"name": "thread", "value": "19900-MainThread"}, {"name": "framework", "value": "pytest"}, {"name": "language", "value": "cpython3"}, {"name": "package", "value": "testcase.ACS.test_configuration_profile"}]}