{"name": "Test - create record ", "status": "failed", "statusDetails": {"message": "AssertionError: assert 400 == 200\n +  where 400 = <Response [400]>.status_code", "trace": "self = <testcase.ACS.test_configuration_profile.TestConfigurationProfile object at 0x000001C3BF7D5150>\nbase_api = <utils.base_api_acs.BaseAPIACS object at 0x000001C3BFAA7A60>\n\n    @allure.title('Test - create record ')\n    def test_create(self,base_api):\n        global model_id\n        # create a record\n        response_create = base_api.create(endpoint,file_path[\"profile\"],False,\"name\")\n>       assert response_create.status_code == 200\nE       assert 400 == 200\nE        +  where 400 = <Response [400]>.status_code\n\ntestcase\\ACS\\test_configuration_profile.py:44: AssertionError"}, "attachments": [{"name": "Request Info", "source": "ee59ec0d-4cd2-4150-980f-0561e886ad18-attachment.json", "type": "application/json"}, {"name": "Response Info", "source": "4ac17f26-4481-40ab-a361-effe6c20a392-attachment.json", "type": "application/json"}], "parameters": [{"name": "base_api", "value": "'aws'"}], "start": 1749200894743, "stop": 1749200896093, "uuid": "763a7ecb-eb28-4d8e-a68d-3e49defc77fe", "historyId": "194f0bb2b309469f4e07ed413c04bbd7", "testCaseId": "d8a8d363a33e02162de6f78bd2943105", "fullName": "testcase.ACS.test_configuration_profile.TestConfigurationProfile#test_create", "labels": [{"name": "parentSuite", "value": "testcase.ACS"}, {"name": "suite", "value": "test_configuration_profile"}, {"name": "subSuite", "value": "TestConfigurationProfile"}, {"name": "host", "value": "Cherry-640879"}, {"name": "thread", "value": "44708-MainThread"}, {"name": "framework", "value": "pytest"}, {"name": "language", "value": "cpython3"}, {"name": "package", "value": "testcase.ACS.test_configuration_profile"}]}