{"name": "Test - create without paramters", "status": "failed", "statusDetails": {"message": "AssertionError: assert 504 == 400\n +  where 504 = <Response [504]>.status_code", "trace": "self = <testcase.ACS.test_configuration_profile.TestConfigurationProfile object at 0x0000021CA098C850>\nbase_api = <utils.base_api_acs.BaseAPIACS object at 0x0000021CA1E13400>\n\n    @allure.title('Test - create without paramters')\n    def test_get_list(self,base_api):\n        response_create = base_api.create(endpoint,file_path[\"bw_file\"],True,\"name\")\n>       assert response_create.status_code == 400\nE       assert 504 == 400\nE        +  where 504 = <Response [504]>.status_code\n\ntestcase\\ACS\\test_configuration_profile.py:35: AssertionError"}, "attachments": [{"name": "Request Info", "source": "a36c1941-6b9b-4928-9e1e-af28822e5f27-attachment.json", "type": "application/json"}, {"name": "Response Info", "source": "001786ab-16e5-40b8-908d-70d9d58cc18a-attachment.json", "type": "application/json"}], "parameters": [{"name": "base_api", "value": "'dev'"}], "start": 1748324563228, "stop": 1748324594467, "uuid": "e618e4c9-7517-4cf7-b2a7-f52e17a56fae", "historyId": "2410800dbcf51e04c72a3e52d67440de", "testCaseId": "e9f762c4aa289bb4aa0f8f68343980e0", "fullName": "testcase.ACS.test_configuration_profile.TestConfigurationProfile#test_get_list", "labels": [{"name": "parentSuite", "value": "testcase.ACS"}, {"name": "suite", "value": "test_configuration_profile"}, {"name": "subSuite", "value": "TestConfigurationProfile"}, {"name": "host", "value": "Cherry-640879"}, {"name": "thread", "value": "51132-MainThread"}, {"name": "framework", "value": "pytest"}, {"name": "language", "value": "cpython3"}, {"name": "package", "value": "testcase.ACS.test_configuration_profile"}]}