{"name": "Test - get record ", "status": "failed", "statusDetails": {"message": "AssertionError: assert 404 == 200\n +  where 404 = <Response [404]>.status_code", "trace": "self = <testcase.ACS.test_configuration_profile.TestConfigurationProfile object at 0x000001E7BCAA2AA0>\nbase_api = <utils.base_api_acs.BaseAPIACS object at 0x000001E7BE00AD70>\nparams = {'name': 'test_ds_hk2_tp4'}\n\n    @allure.title('Test - get record ')\n    @pytest.mark.parametrize('params',[{\"name\": \"test_ds_hk2_tp4\"}])\n    def test_get_list_by_param(self,base_api,params):\n      response = base_api.get_list_by_param(endpoint,params)\n>     assert response.status_code == 200\nE     assert 404 == 200\nE      +  where 404 = <Response [404]>.status_code\n\ntestcase\\ACS\\test_configuration_profile.py:76: AssertionError"}, "attachments": [{"name": "Request Info", "source": "7df69b60-9b8f-4844-9f10-4275046c9800-attachment.json", "type": "application/json"}, {"name": "Response Info", "source": "a2e1185d-7bf5-45c8-8742-a52e50457540-attachment.json", "type": "application/json"}], "parameters": [{"name": "base_api", "value": "'test'"}, {"name": "params", "value": "{'name': 'test_ds_hk2_tp4'}"}], "start": 1748496163351, "stop": 1748496164683, "uuid": "329628d8-80e6-4111-9cd4-3541926cdafc", "historyId": "ca3ed4a480547e37d7f7990b84b5447a", "testCaseId": "0e31e6ce8e946c47c8df72562e88ccef", "fullName": "testcase.ACS.test_configuration_profile.TestConfigurationProfile#test_get_list_by_param", "labels": [{"name": "parentSuite", "value": "testcase.ACS"}, {"name": "suite", "value": "test_configuration_profile"}, {"name": "subSuite", "value": "TestConfigurationProfile"}, {"name": "host", "value": "Cherry-640879"}, {"name": "thread", "value": "44636-MainThread"}, {"name": "framework", "value": "pytest"}, {"name": "language", "value": "cpython3"}, {"name": "package", "value": "testcase.ACS.test_configuration_profile"}]}