{"name": "Test - get and filter", "status": "failed", "statusDetails": {"message": "AssertionError: assert 500 == 200\n +  where 500 = <Response [500]>.status_code", "trace": "self = <testcase.ACS.test_system_group.TestSystemGroup object at 0x0000023D6CD16B30>\nbase_api = <utils.base_api_acs.BaseAPIACS object at 0x0000023D6E236E00>\n\n    @allure.title('Test - get and filter')\n    def test_get_filter(self,base_api):\n        # json_data = load_json(file_paths[\"filter\"])\n        # response_create = base_api.create(endpoint,json_data,need_random=True, field=\"name\")\n        # assert response_create.status_code == 200\n        # model_id = response_create.json()['_id']\n    \n        param = {\"limit\": 2,\"filter\": \"CXNK0151C334\",}\n        response = base_api.get_list_by_param(endpoint,param)\n>       assert response.status_code == 200\nE       assert 500 == 200\nE        +  where 500 = <Response [500]>.status_code\n\ntestcase\\ACS\\test_system_group.py:190: AssertionError"}, "attachments": [{"name": "Request Info", "source": "bd03c453-1eb2-4c09-b3d0-cbbf0a7b8daf-attachment.json", "type": "application/json"}, {"name": "Response Info", "source": "966ef3d0-8e49-42fd-a6d6-418f042aca63-attachment.json", "type": "application/json"}], "parameters": [{"name": "base_api", "value": "'test'"}], "start": 1749623379717, "stop": 1749623382891, "uuid": "da7204ce-92d9-4ddb-901c-a46410923d5b", "historyId": "f9c2063cb471d206a54e788e64eb4ea3", "testCaseId": "1c03ce31f49ae17fcb8f985218a55ae2", "fullName": "testcase.ACS.test_system_group.TestSystemGroup#test_get_filter", "labels": [{"name": "epic", "value": "Test - SystemGroup API"}, {"name": "parentSuite", "value": "testcase.ACS"}, {"name": "suite", "value": "test_system_group"}, {"name": "subSuite", "value": "TestSystemGroup"}, {"name": "host", "value": "Cherry-640879"}, {"name": "thread", "value": "44408-MainThread"}, {"name": "framework", "value": "pytest"}, {"name": "language", "value": "cpython3"}, {"name": "package", "value": "testcase.ACS.test_system_group"}]}