{"name": "Test - get record ", "status": "failed", "statusDetails": {"message": "AssertionError: assert 400 == 200\n +  where 400 = <Response [400]>.status_code", "trace": "self = <testcase.ACS.test_configuration_profile.TestConfigurationProfile object at 0x00000188095C6B60>\nbase_api = <utils.base_api_acs.BaseAPIACS object at 0x000001880A8F8760>\nparams = {'name': 'test_ds_hk2_tp4'}\n\n    @allure.title('Test - get record ')\n    @pytest.mark.parametrize('params',[{\"name\": \"test_ds_hk2_tp4\"}])\n    def test_get_list_by_param(self,base_api,params):\n      response = base_api.get_list_by_param(endpoint,params)\n>     assert response.status_code == 200\nE     assert 400 == 200\nE      +  where 400 = <Response [400]>.status_code\n\ntestcase\\ACS\\test_configuration_profile.py:76: AssertionError"}, "attachments": [{"name": "Request Info", "source": "c4b69671-373e-4a1d-8cc2-7cb205d91b20-attachment.json", "type": "application/json"}, {"name": "Response Info", "source": "27bfaf96-8b68-4a17-85d4-59eadf79eb56-attachment.json", "type": "application/json"}], "parameters": [{"name": "base_api", "value": "'test'"}, {"name": "params", "value": "{'name': 'test_ds_hk2_tp4'}"}], "start": 1748542632979, "stop": 1748542635134, "uuid": "fa1ee153-184e-4be4-8f17-e10e7e9d02a4", "historyId": "ca3ed4a480547e37d7f7990b84b5447a", "testCaseId": "0e31e6ce8e946c47c8df72562e88ccef", "fullName": "testcase.ACS.test_configuration_profile.TestConfigurationProfile#test_get_list_by_param", "labels": [{"name": "parentSuite", "value": "testcase.ACS"}, {"name": "suite", "value": "test_configuration_profile"}, {"name": "subSuite", "value": "TestConfigurationProfile"}, {"name": "host", "value": "Cherry-640879"}, {"name": "thread", "value": "23192-MainThread"}, {"name": "framework", "value": "pytest"}, {"name": "language", "value": "cpython3"}, {"name": "package", "value": "testcase.ACS.test_configuration_profile"}]}