{"name": "Test - create a static group member to givin group", "status": "failed", "statusDetails": {"message": "AssertionError: assert 500 == 200\n +  where 500 = <Response [500]>.status_code", "trace": "self = <testcase.ACS.test_static_group_member.TestStaticGroupMember object at 0x000001E26E683220>\n\n     @allure.title('Test - create a static group member to givin group')\n     def test_create_stati_group_member(self):\n    # create a system group first\n         group_id = '80c4fba5-7ec7-418b-98ce-6e20c00a7ca8'\n         response = member.create_static_group_member(group_id,file_path[\"member\"])\n>        assert response.status_code == 200\nE        assert 500 == 200\nE         +  where 500 = <Response [500]>.status_code\n\ntestcase\\ACS\\test_static_group_member.py:30: AssertionError"}, "attachments": [{"name": "Request Info", "source": "8cc723a4-6f41-4a89-926b-c0b551699f21-attachment.json", "type": "application/json"}, {"name": "Response Info", "source": "66e02ff8-beb5-4e75-a08a-a3a9dcdb8629-attachment.json", "type": "application/json"}], "start": 1748239942591, "stop": 1748239944123, "uuid": "ecffa729-68ff-49cd-b43d-a599fdb5c3d3", "historyId": "8f9ab7eac7411405768fbd9e18ffc3d2", "testCaseId": "8f9ab7eac7411405768fbd9e18ffc3d2", "fullName": "testcase.ACS.test_static_group_member.TestStaticGroupMember#test_create_stati_group_member", "labels": [{"name": "epic", "value": "Test - StaticGroupMember API"}, {"name": "parentSuite", "value": "testcase.ACS"}, {"name": "suite", "value": "test_static_group_member"}, {"name": "subSuite", "value": "TestStaticGroupMember"}, {"name": "host", "value": "Cherry-640879"}, {"name": "thread", "value": "41480-MainThread"}, {"name": "framework", "value": "pytest"}, {"name": "language", "value": "cpython3"}, {"name": "package", "value": "testcase.ACS.test_static_group_member"}]}