{"name": "Test - get all the system groups with different params:None", "status": "failed", "statusDetails": {"message": "AssertionError: assert 400 == 200\n +  where 400 = <Response [400]>.status_code", "trace": "self = <testcase.ACS.test_system_group.TestSystemGroup object at 0x00000188095C2E00>\nbase_api = <utils.base_api_acs.BaseAPIACS object at 0x000001880C122050>\nparam = {'excludeOnBoot': False, 'limit': 3, 'skip': 1, 'type': 'static'}\n\n    @allure.title(f'Test - get all the system groups with different params:{params}')\n    @pytest.mark.parametrize('param', [\n        {\n        },\n        {\n             \"limit\": 2,\n        },\n        {\n            \"skip\": 1,\n            \"limit\": 3,\n            \"excludeOnBoot\":False,\n            \"type\": \"dynamic\"\n        },\n        {\n            \"skip\": 1,\n            \"limit\": 3,\n            \"excludeOnBoot\":False,\n            \"type\": \"static\"\n        }\n    ])\n    def test_get_group_list_param(self,base_api,param):\n        response = base_api.get_list_by_param(endpoint,param)\n>       assert response.status_code == 200\nE       assert 400 == 200\nE        +  where 400 = <Response [400]>.status_code\n\ntestcase\\ACS\\test_system_group.py:213: AssertionError"}, "attachments": [{"name": "Request Info", "source": "ce666998-5ed8-4d77-b263-7edd05338778-attachment.json", "type": "application/json"}, {"name": "Response Info", "source": "a01cfd9a-4416-406f-879c-5c798b40b7eb-attachment.json", "type": "application/json"}], "parameters": [{"name": "base_api", "value": "'test'"}, {"name": "param", "value": "{'skip': 1, 'limit': 3, 'excludeOnBoot': False, 'type': 'static'}"}], "start": 1748542982437, "stop": 1748542984762, "uuid": "f4032118-6cbe-4bcf-aeac-fb93297873eb", "historyId": "2a916099cad55af6c3236b3d0459eae6", "testCaseId": "29d73ebb101a45f5096c75fe4edb60d0", "fullName": "testcase.ACS.test_system_group.TestSystemGroup#test_get_group_list_param", "labels": [{"name": "epic", "value": "Test - SystemGroup API"}, {"name": "parentSuite", "value": "testcase.ACS"}, {"name": "suite", "value": "test_system_group"}, {"name": "subSuite", "value": "TestSystemGroup"}, {"name": "host", "value": "Cherry-640879"}, {"name": "thread", "value": "23192-MainThread"}, {"name": "framework", "value": "pytest"}, {"name": "language", "value": "cpython3"}, {"name": "package", "value": "testcase.ACS.test_system_group"}]}