{"name": "Test - crud record ", "status": "failed", "statusDetails": {"message": "AssertionError: assert 400 == 200\n +  where 400 = <Response [400]>.status_code", "trace": "self = <testcase.ACS.test_workflow.TestWorkflow object at 0x000001D1AA0D6320>\nbase_api = <utils.base_api_acs.BaseAPIACS object at 0x000001D1AB473B20>\n\n    @allure.title('Test - crud record ')\n    def test_crud(self,base_api):\n        global model_id\n        # create a record\n        global groups\n        json_data = load_json(file_paths[\"workflow\"])\n        json_data[\"groups\"] = groups\n        # json_data[\"actions\"] = list(response.json()[0][\"actions\"])\n        response_create = base_api.create_with_jsondata(endpoint,json_data,need_random=True, field=\"name\")\n        model_id = response_create.json()['_id']\n        assert response_create.status_code == 200\n        # model_id = 'e002e1f5-8382-4f49-a445-1da88df9e99a'\n    \n        # get info by id\n        response_get = base_api.get_by_id(endpoint,model_id)\n        assert response_get.status_code == 200\n        assert response_get.json()['_id'] == model_id\n    \n        model = endpoint.replace('-', '_')\n        expected_file_path = f\"./testdata/ACS/outputs/get_{model}_by_id.json\"\n        print(f\"the saved/expected file path is {expected_file_path}\")\n        if base_api.env == \"aws\":\n          save_file(expected_file_path,response_get.json())\n        else:\n          expected_response = load_json(expected_file_path)\n          print(\"the diff as following:\" , DeepDiff(expected_response,response_get.json()))\n    \n        # update the record\n        json_data = load_json(file_paths[\"update\"])\n        json_data[\"groups\"] = groups\n        # json_data[\"actions\"] = list(response.json()[0][\"actions\"])\n        response_put = base_api.update_with_jsondata(endpoint,model_id,json_data,True,\"name\")\n>       assert response_put.status_code == 200\nE       assert 400 == 200\nE        +  where 400 = <Response [400]>.status_code\n\ntestcase\\ACS\\test_workflow.py:141: AssertionError"}, "attachments": [{"name": "Request Info", "source": "d551c35d-d7ad-4e51-bc59-48336c5d4e66-attachment.json", "type": "application/json"}, {"name": "Response Info", "source": "50c51ede-35a1-4251-b81b-a342b44f7e47-attachment.json", "type": "application/json"}, {"name": "Request Info", "source": "aad3b01d-b1e0-46af-b68d-bd4ffeda23d3-attachment.json", "type": "application/json"}, {"name": "Response Info", "source": "328b251d-ee15-469f-bf98-3c8a5e4f4ce6-attachment.json", "type": "application/json"}, {"name": "Request Info", "source": "73bbf2df-f89f-4d20-9a1c-ba09740c3f85-attachment.json", "type": "application/json"}, {"name": "Response Info", "source": "0fc2a192-88a5-4168-b0f1-95ab6f8f6cda-attachment.json", "type": "application/json"}], "parameters": [{"name": "base_api", "value": "'test'"}], "start": 1748426053968, "stop": 1748426058655, "uuid": "5c6c6571-21a0-47fd-9f49-5d0a32d2a2de", "historyId": "ce94767f27f842d643289db6d5ac0ddc", "testCaseId": "afd9ddea709b6fe93a0748baefcd22ee", "fullName": "testcase.ACS.test_workflow.TestWorkflow#test_crud", "labels": [{"name": "parentSuite", "value": "testcase.ACS"}, {"name": "suite", "value": "test_workflow"}, {"name": "subSuite", "value": "TestWorkflow"}, {"name": "host", "value": "Cherry-640879"}, {"name": "thread", "value": "50116-MainThread"}, {"name": "framework", "value": "pytest"}, {"name": "language", "value": "cpython3"}, {"name": "package", "value": "testcase.ACS.test_workflow"}]}