{"uid":"316e8b547746d73c","name":"Test - Create with wrong tpe","fullName":"testcase.ACS.test_system_group.TestSystemGroup#test_create_invalid_type","historyId":"016eb1ddc1a166c27fa32ae7b017d150","time":{"start":1749177331228,"stop":1749177362707,"duration":31479},"status":"failed","statusMessage":"AssertionError: assert 200 == 400\n +  where 200 = <Response [200]>.status_code","statusTrace":"self = <testcase.ACS.test_system_group.TestSystemGroup object at 0x00000223EC2270A0>\nbase_api = <utils.base_api_acs.BaseAPIACS object at 0x00000223EC3CE7A0>\n\n    @allure.title('Test - Create with wrong tpe')\n    def test_create_invalid_type(self,base_api):\n        json_data = {}\n        response = base_api.create(endpoint,json_data,need_random=False, field=\"name\")\n>       assert response.status_code == 400\nE       assert 200 == 400\nE        +  where 200 = <Response [200]>.status_code\n\ntestcase\\ACS\\test_system_group.py:97: AssertionError","flaky":false,"newFailed":false,"newBroken":false,"newPassed":false,"retriesCount":0,"retriesStatusChange":false,"beforeStages":[{"name":"_session_faker","time":{"start":1749173219450,"stop":1749173219578,"duration":128},"status":"passed","steps":[],"attachments":[],"parameters":[],"stepsCount":0,"attachmentStep":false,"hasContent":false,"attachmentsCount":0,"shouldDisplayMessage":false},{"name":"get_and_refresh_access_token","time":{"start":1749173219578,"stop":1749173220869,"duration":1291},"status":"passed","steps":[],"attachments":[],"parameters":[],"stepsCount":0,"attachmentStep":false,"hasContent":false,"attachmentsCount":0,"shouldDisplayMessage":false},{"name":"base_api","time":{"start":1749177331217,"stop":1749177331227,"duration":10},"status":"passed","steps":[],"attachments":[],"parameters":[],"stepsCount":0,"attachmentStep":false,"hasContent":false,"attachmentsCount":0,"shouldDisplayMessage":false}],"testStage":{"status":"failed","statusMessage":"AssertionError: assert 200 == 400\n +  where 200 = <Response [200]>.status_code","statusTrace":"self = <testcase.ACS.test_system_group.TestSystemGroup object at 0x00000223EC2270A0>\nbase_api = <utils.base_api_acs.BaseAPIACS object at 0x00000223EC3CE7A0>\n\n    @allure.title('Test - Create with wrong tpe')\n    def test_create_invalid_type(self,base_api):\n        json_data = {}\n        response = base_api.create(endpoint,json_data,need_random=False, field=\"name\")\n>       assert response.status_code == 400\nE       assert 200 == 400\nE        +  where 200 = <Response [200]>.status_code\n\ntestcase\\ACS\\test_system_group.py:97: AssertionError","steps":[],"attachments":[{"uid":"f30cc2ae50601ee0","name":"Request Info","source":"f30cc2ae50601ee0.json","type":"application/json","size":116},{"uid":"78fd4041dd09f83b","name":"Response Info","source":"78fd4041dd09f83b.json","type":"application/json","size":46}],"parameters":[],"stepsCount":0,"attachmentStep":false,"hasContent":true,"attachmentsCount":2,"shouldDisplayMessage":true},"afterStages":[],"labels":[{"name":"epic","value":"Test - SystemGroup API"},{"name":"parentSuite","value":"testcase.ACS"},{"name":"suite","value":"test_system_group"},{"name":"subSuite","value":"TestSystemGroup"},{"name":"host","value":"Cherry-640879"},{"name":"thread","value":"19868-MainThread"},{"name":"framework","value":"pytest"},{"name":"language","value":"cpython3"},{"name":"package","value":"testcase.ACS.test_system_group"},{"name":"resultFormat","value":"allure2"}],"parameters":[{"name":"base_api","value":"'dev'"}],"links":[],"hidden":false,"retry":false,"extra":{"severity":"normal","retries":[],"categories":[{"name":"Product defects","matchedStatuses":[]}],"tags":[]},"source":"316e8b547746d73c.json","parameterValues":["'dev'"]}