{"uid":"32555d6dce3a3b86","name":"Test - get record ","fullName":"testcase.ACS.test_configuration_profile.TestConfigurationProfile#test_get_list_by_param","historyId":"41efee47c0e5363b44fd287a61cef421","time":{"start":1748715336762,"stop":1748715337375,"duration":613},"status":"failed","statusMessage":"AssertionError: assert 404 == 200\n +  where 404 = <Response [404]>.status_code","statusTrace":"self = <testcase.ACS.test_configuration_profile.TestConfigurationProfile object at 0x0000023DBDE925F0>\nbase_api = <utils.base_api_acs.BaseAPIACS object at 0x0000023DBF12E1D0>\nparams = {'name': 'test_ds_hk2_tp4'}\n\n    @allure.title('Test - get record ')\n    @pytest.mark.parametrize('params',[{\"name\": \"test_ds_hk2_tp4\"}])\n    def test_get_list_by_param(self,base_api,params):\n      response = base_api.get_list_by_param(endpoint,params)\n>     assert response.status_code == 200\nE     assert 404 == 200\nE      +  where 404 = <Response [404]>.status_code\n\ntestcase\\ACS\\test_configuration_profile.py:76: AssertionError","flaky":false,"newFailed":false,"newBroken":false,"newPassed":false,"retriesCount":0,"retriesStatusChange":false,"beforeStages":[{"name":"_session_faker","time":{"start":1748715328519,"stop":1748715328724,"duration":205},"status":"passed","steps":[],"attachments":[],"parameters":[],"shouldDisplayMessage":false,"attachmentsCount":0,"attachmentStep":false,"stepsCount":0,"hasContent":false},{"name":"get_and_refresh_access_token","time":{"start":1748715328724,"stop":1748715330109,"duration":1385},"status":"passed","steps":[],"attachments":[],"parameters":[],"shouldDisplayMessage":false,"attachmentsCount":0,"attachmentStep":false,"stepsCount":0,"hasContent":false},{"name":"base_api","time":{"start":1748715336760,"stop":1748715336762,"duration":2},"status":"passed","steps":[],"attachments":[],"parameters":[],"shouldDisplayMessage":false,"attachmentsCount":0,"attachmentStep":false,"stepsCount":0,"hasContent":false}],"testStage":{"status":"failed","statusMessage":"AssertionError: assert 404 == 200\n +  where 404 = <Response [404]>.status_code","statusTrace":"self = <testcase.ACS.test_configuration_profile.TestConfigurationProfile object at 0x0000023DBDE925F0>\nbase_api = <utils.base_api_acs.BaseAPIACS object at 0x0000023DBF12E1D0>\nparams = {'name': 'test_ds_hk2_tp4'}\n\n    @allure.title('Test - get record ')\n    @pytest.mark.parametrize('params',[{\"name\": \"test_ds_hk2_tp4\"}])\n    def test_get_list_by_param(self,base_api,params):\n      response = base_api.get_list_by_param(endpoint,params)\n>     assert response.status_code == 200\nE     assert 404 == 200\nE      +  where 404 = <Response [404]>.status_code\n\ntestcase\\ACS\\test_configuration_profile.py:76: AssertionError","steps":[],"attachments":[{"uid":"1974c4fbed3ddaef","name":"Request Info","source":"1974c4fbed3ddaef.json","type":"application/json","size":185},{"uid":"691690fc2eb4e167","name":"Response Info","source":"691690fc2eb4e167.json","type":"application/json","size":73}],"parameters":[],"shouldDisplayMessage":true,"attachmentsCount":2,"attachmentStep":false,"stepsCount":0,"hasContent":true},"afterStages":[],"labels":[{"name":"parentSuite","value":"testcase.ACS"},{"name":"suite","value":"test_configuration_profile"},{"name":"subSuite","value":"TestConfigurationProfile"},{"name":"host","value":"Cherry-640879"},{"name":"thread","value":"46036-MainThread"},{"name":"framework","value":"pytest"},{"name":"language","value":"cpython3"},{"name":"package","value":"testcase.ACS.test_configuration_profile"},{"name":"resultFormat","value":"allure2"}],"parameters":[{"name":"base_api","value":"'dev'"},{"name":"params","value":"{'name': 'test_ds_hk2_tp4'}"}],"links":[],"hidden":false,"retry":false,"extra":{"severity":"normal","retries":[],"categories":[{"name":"Product defects","matchedStatuses":[]}],"tags":[]},"source":"32555d6dce3a3b86.json","parameterValues":["'dev'","{'name': 'test_ds_hk2_tp4'}"]}