{"uid":"386026fc87ab6090","name":"Test - get record ","fullName":"testcase.ACS.test_configuration_profile.TestConfigurationProfile#test_get_list_by_param","historyId":"ca3ed4a480547e37d7f7990b84b5447a","time":{"start":1749173356809,"stop":1749173358087,"duration":1278},"status":"failed","statusMessage":"AssertionError: assert 500 == 200\n +  where 500 = <Response [500]>.status_code","statusTrace":"self = <testcase.ACS.test_configuration_profile.TestConfigurationProfile object at 0x00000223EC105270>\nbase_api = <utils.base_api_acs.BaseAPIACS object at 0x00000223ED688550>\nparams = {'name': 'test_ds_hk2_tp4'}\n\n    @allure.title('Test - get record ')\n    @pytest.mark.parametrize('params',[{\"name\": \"test_ds_hk2_tp4\"}])\n    def test_get_list_by_param(self,base_api,params):\n      response = base_api.get_list_by_param(endpoint,params)\n>     assert response.status_code == 200\nE     assert 500 == 200\nE      +  where 500 = <Response [500]>.status_code\n\ntestcase\\ACS\\test_configuration_profile.py:76: AssertionError","flaky":false,"newFailed":false,"newBroken":false,"newPassed":false,"retriesCount":0,"retriesStatusChange":false,"beforeStages":[{"name":"_session_faker","time":{"start":1749173219450,"stop":1749173219578,"duration":128},"status":"passed","steps":[],"attachments":[],"parameters":[],"stepsCount":0,"attachmentStep":false,"hasContent":false,"attachmentsCount":0,"shouldDisplayMessage":false},{"name":"get_and_refresh_access_token","time":{"start":1749173219578,"stop":1749173220869,"duration":1291},"status":"passed","steps":[],"attachments":[],"parameters":[],"stepsCount":0,"attachmentStep":false,"hasContent":false,"attachmentsCount":0,"shouldDisplayMessage":false},{"name":"base_api","time":{"start":1749173356793,"stop":1749173356809,"duration":16},"status":"passed","steps":[],"attachments":[],"parameters":[],"stepsCount":0,"attachmentStep":false,"hasContent":false,"attachmentsCount":0,"shouldDisplayMessage":false}],"testStage":{"status":"failed","statusMessage":"AssertionError: assert 500 == 200\n +  where 500 = <Response [500]>.status_code","statusTrace":"self = <testcase.ACS.test_configuration_profile.TestConfigurationProfile object at 0x00000223EC105270>\nbase_api = <utils.base_api_acs.BaseAPIACS object at 0x00000223ED688550>\nparams = {'name': 'test_ds_hk2_tp4'}\n\n    @allure.title('Test - get record ')\n    @pytest.mark.parametrize('params',[{\"name\": \"test_ds_hk2_tp4\"}])\n    def test_get_list_by_param(self,base_api,params):\n      response = base_api.get_list_by_param(endpoint,params)\n>     assert response.status_code == 200\nE     assert 500 == 200\nE      +  where 500 = <Response [500]>.status_code\n\ntestcase\\ACS\\test_configuration_profile.py:76: AssertionError","steps":[],"attachments":[{"uid":"f963ce3bf9079a95","name":"Request Info","source":"f963ce3bf9079a95.json","type":"application/json","size":186},{"uid":"a0b8d9eaffbf5353","name":"Response Info","source":"a0b8d9eaffbf5353.json","type":"application/json","size":59}],"parameters":[],"stepsCount":0,"attachmentStep":false,"hasContent":true,"attachmentsCount":2,"shouldDisplayMessage":true},"afterStages":[],"labels":[{"name":"parentSuite","value":"testcase.ACS"},{"name":"suite","value":"test_configuration_profile"},{"name":"subSuite","value":"TestConfigurationProfile"},{"name":"host","value":"Cherry-640879"},{"name":"thread","value":"19868-MainThread"},{"name":"framework","value":"pytest"},{"name":"language","value":"cpython3"},{"name":"package","value":"testcase.ACS.test_configuration_profile"},{"name":"resultFormat","value":"allure2"}],"parameters":[{"name":"base_api","value":"'test'"},{"name":"params","value":"{'name': 'test_ds_hk2_tp4'}"}],"links":[],"hidden":false,"retry":false,"extra":{"severity":"normal","retries":[],"categories":[{"name":"Product defects","matchedStatuses":[]}],"tags":[]},"source":"386026fc87ab6090.json","parameterValues":["'test'","{'name': 'test_ds_hk2_tp4'}"]}