{"uid":"38b5b4d8c4b36206","name":"Negative Test - get all the static group member with different param:None","fullName":"testcase.ACS.test_static_group_member.TestStaticGroupMember#test_get_member_list_negative","historyId":"1b5f013fa06e90eb18d8a3e360109999","time":{"start":1748327424568,"stop":1748327455517,"duration":30949},"status":"failed","statusMessage":"AssertionError: assert 504 == 500\n +  where 504 = <Response [504]>.status_code","statusTrace":"self = <testcase.ACS.test_static_group_member.TestStaticGroupMember object at 0x0000021CA098E230>\nbase_api = <utils.base_api_acs.BaseAPIACS object at 0x0000021CA21AF3A0>\nparam = {'limit': -2}\n\n    @allure.title(f'Negative Test - get all the static group member with different param:{param}')\n    @pytest.mark.parametrize('param', [\n        None,\n        {\n            \"limit\": -2\n        },\n        {\n            \"_id\": \"non-exsit\"\n        },\n        {\n            \"groupId\":\"non-exsit\"\n        },\n         {\n            \"memberInfo\":\"non-exsit\"\n        }\n    ])\n    def test_get_member_list_negative(self,base_api,param):\n        response = base_api.get_list_by_param(endpoint,param)\n        if param == {\"limit\": -2} :\n>           assert response.status_code == 500\nE           assert 504 == 500\nE            +  where 504 = <Response [504]>.status_code\n\ntestcase\\ACS\\test_static_group_member.py:139: AssertionError","flaky":false,"newFailed":false,"newBroken":false,"newPassed":false,"retriesCount":0,"retriesStatusChange":false,"beforeStages":[{"name":"_session_faker","time":{"start":1748324557190,"stop":1748324557313,"duration":123},"status":"passed","steps":[],"attachments":[],"parameters":[],"shouldDisplayMessage":false,"attachmentsCount":0,"stepsCount":0,"hasContent":false,"attachmentStep":false},{"name":"get_and_refresh_access_token","time":{"start":1748324557313,"stop":1748324558634,"duration":1321},"status":"passed","steps":[],"attachments":[],"parameters":[],"shouldDisplayMessage":false,"attachmentsCount":0,"stepsCount":0,"hasContent":false,"attachmentStep":false},{"name":"base_api","time":{"start":1748327424568,"stop":1748327424568,"duration":0},"status":"passed","steps":[],"attachments":[],"parameters":[],"shouldDisplayMessage":false,"attachmentsCount":0,"stepsCount":0,"hasContent":false,"attachmentStep":false}],"testStage":{"status":"failed","statusMessage":"AssertionError: assert 504 == 500\n +  where 504 = <Response [504]>.status_code","statusTrace":"self = <testcase.ACS.test_static_group_member.TestStaticGroupMember object at 0x0000021CA098E230>\nbase_api = <utils.base_api_acs.BaseAPIACS object at 0x0000021CA21AF3A0>\nparam = {'limit': -2}\n\n    @allure.title(f'Negative Test - get all the static group member with different param:{param}')\n    @pytest.mark.parametrize('param', [\n        None,\n        {\n            \"limit\": -2\n        },\n        {\n            \"_id\": \"non-exsit\"\n        },\n        {\n            \"groupId\":\"non-exsit\"\n        },\n         {\n            \"memberInfo\":\"non-exsit\"\n        }\n    ])\n    def test_get_member_list_negative(self,base_api,param):\n        response = base_api.get_list_by_param(endpoint,param)\n        if param == {\"limit\": -2} :\n>           assert response.status_code == 500\nE           assert 504 == 500\nE            +  where 504 = <Response [504]>.status_code\n\ntestcase\\ACS\\test_static_group_member.py:139: AssertionError","steps":[],"attachments":[{"uid":"b868b85cda94d3ab","name":"Request Info","source":"b868b85cda94d3ab.json","type":"application/json","size":157},{"uid":"23585b74c2187b5e","name":"Response Info","source":"23585b74c2187b5e.json","type":"application/json","size":62}],"parameters":[],"shouldDisplayMessage":true,"attachmentsCount":2,"stepsCount":0,"hasContent":true,"attachmentStep":false},"afterStages":[],"labels":[{"name":"epic","value":"Test - StaticGroupMember API"},{"name":"parentSuite","value":"testcase.ACS"},{"name":"suite","value":"test_static_group_member"},{"name":"subSuite","value":"TestStaticGroupMember"},{"name":"host","value":"Cherry-640879"},{"name":"thread","value":"51132-MainThread"},{"name":"framework","value":"pytest"},{"name":"language","value":"cpython3"},{"name":"package","value":"testcase.ACS.test_static_group_member"},{"name":"resultFormat","value":"allure2"}],"parameters":[{"name":"base_api","value":"'dev'"},{"name":"param","value":"{'limit': -2}"}],"links":[],"hidden":false,"retry":false,"extra":{"severity":"normal","retries":[],"categories":[{"name":"Product defects","matchedStatuses":[]}],"tags":[]},"source":"38b5b4d8c4b36206.json","parameterValues":["'dev'","{'limit': -2}"]}