{"uid":"43724b20e7666d0c","name":"Test - create a static group member to givin group","fullName":"testcase.ACS.test_static_group_member.TestStaticGroupMember#test_create_stati_group_member","historyId":"8f9ab7eac7411405768fbd9e18ffc3d2","time":{"start":1748239942591,"stop":1748239944123,"duration":1532},"status":"failed","statusMessage":"AssertionError: assert 500 == 200\n +  where 500 = <Response [500]>.status_code","statusTrace":"self = <testcase.ACS.test_static_group_member.TestStaticGroupMember object at 0x000001E26E683220>\n\n     @allure.title('Test - create a static group member to givin group')\n     def test_create_stati_group_member(self):\n    # create a system group first\n         group_id = '80c4fba5-7ec7-418b-98ce-6e20c00a7ca8'\n         response = member.create_static_group_member(group_id,file_path[\"member\"])\n>        assert response.status_code == 200\nE        assert 500 == 200\nE         +  where 500 = <Response [500]>.status_code\n\ntestcase\\ACS\\test_static_group_member.py:30: AssertionError","flaky":false,"newFailed":false,"newBroken":false,"newPassed":false,"retriesCount":0,"retriesStatusChange":false,"beforeStages":[{"name":"_session_faker","time":{"start":1748239864833,"stop":1748239864949,"duration":116},"status":"passed","steps":[],"attachments":[],"parameters":[],"hasContent":false,"attachmentStep":false,"stepsCount":0,"shouldDisplayMessage":false,"attachmentsCount":0},{"name":"get_and_refresh_access_token","time":{"start":1748239864959,"stop":1748239866360,"duration":1401},"status":"passed","steps":[],"attachments":[],"parameters":[],"hasContent":false,"attachmentStep":false,"stepsCount":0,"shouldDisplayMessage":false,"attachmentsCount":0}],"testStage":{"status":"failed","statusMessage":"AssertionError: assert 500 == 200\n +  where 500 = <Response [500]>.status_code","statusTrace":"self = <testcase.ACS.test_static_group_member.TestStaticGroupMember object at 0x000001E26E683220>\n\n     @allure.title('Test - create a static group member to givin group')\n     def test_create_stati_group_member(self):\n    # create a system group first\n         group_id = '80c4fba5-7ec7-418b-98ce-6e20c00a7ca8'\n         response = member.create_static_group_member(group_id,file_path[\"member\"])\n>        assert response.status_code == 200\nE        assert 500 == 200\nE         +  where 500 = <Response [500]>.status_code\n\ntestcase\\ACS\\test_static_group_member.py:30: AssertionError","steps":[],"attachments":[{"uid":"746806edb2694d77","name":"Request Info","source":"746806edb2694d77.json","type":"application/json","size":284},{"uid":"53fb43bd0a9ba7b4","name":"Response Info","source":"53fb43bd0a9ba7b4.json","type":"application/json","size":115}],"parameters":[],"hasContent":true,"attachmentStep":false,"stepsCount":0,"shouldDisplayMessage":true,"attachmentsCount":2},"afterStages":[],"labels":[{"name":"epic","value":"Test - StaticGroupMember API"},{"name":"parentSuite","value":"testcase.ACS"},{"name":"suite","value":"test_static_group_member"},{"name":"subSuite","value":"TestStaticGroupMember"},{"name":"host","value":"Cherry-640879"},{"name":"thread","value":"41480-MainThread"},{"name":"framework","value":"pytest"},{"name":"language","value":"cpython3"},{"name":"package","value":"testcase.ACS.test_static_group_member"},{"name":"resultFormat","value":"allure2"}],"parameters":[],"links":[],"hidden":false,"retry":false,"extra":{"severity":"normal","retries":[],"categories":[{"name":"Product defects","matchedStatuses":[]}],"tags":[]},"source":"43724b20e7666d0c.json","parameterValues":[]}