{"uid":"4440baced7de0a7e","name":"Test - get record ","fullName":"testcase.ACS.test_configuration_profile.TestConfigurationProfile#test_get_list_by_param","historyId":"41efee47c0e5363b44fd287a61cef421","time":{"start":1748629000969,"stop":1748629001524,"duration":555},"status":"failed","statusMessage":"AssertionError: assert 404 == 200\n +  where 404 = <Response [404]>.status_code","statusTrace":"self = <testcase.ACS.test_configuration_profile.TestConfigurationProfile object at 0x000001B320E55CF0>\nbase_api = <utils.base_api_acs.BaseAPIACS object at 0x000001B320C3A260>\nparams = {'name': 'test_ds_hk2_tp4'}\n\n    @allure.title('Test - get record ')\n    @pytest.mark.parametrize('params',[{\"name\": \"test_ds_hk2_tp4\"}])\n    def test_get_list_by_param(self,base_api,params):\n      response = base_api.get_list_by_param(endpoint,params)\n>     assert response.status_code == 200\nE     assert 404 == 200\nE      +  where 404 = <Response [404]>.status_code\n\ntestcase\\ACS\\test_configuration_profile.py:76: AssertionError","flaky":false,"newFailed":false,"newBroken":false,"newPassed":false,"retriesCount":0,"retriesStatusChange":false,"beforeStages":[{"name":"_session_faker","time":{"start":1748628992557,"stop":1748628992826,"duration":269},"status":"passed","steps":[],"attachments":[],"parameters":[],"shouldDisplayMessage":false,"attachmentsCount":0,"attachmentStep":false,"hasContent":false,"stepsCount":0},{"name":"get_and_refresh_access_token","time":{"start":1748628992826,"stop":1748628994234,"duration":1408},"status":"passed","steps":[],"attachments":[],"parameters":[],"shouldDisplayMessage":false,"attachmentsCount":0,"attachmentStep":false,"hasContent":false,"stepsCount":0},{"name":"base_api","time":{"start":1748629000969,"stop":1748629000969,"duration":0},"status":"passed","steps":[],"attachments":[],"parameters":[],"shouldDisplayMessage":false,"attachmentsCount":0,"attachmentStep":false,"hasContent":false,"stepsCount":0}],"testStage":{"status":"failed","statusMessage":"AssertionError: assert 404 == 200\n +  where 404 = <Response [404]>.status_code","statusTrace":"self = <testcase.ACS.test_configuration_profile.TestConfigurationProfile object at 0x000001B320E55CF0>\nbase_api = <utils.base_api_acs.BaseAPIACS object at 0x000001B320C3A260>\nparams = {'name': 'test_ds_hk2_tp4'}\n\n    @allure.title('Test - get record ')\n    @pytest.mark.parametrize('params',[{\"name\": \"test_ds_hk2_tp4\"}])\n    def test_get_list_by_param(self,base_api,params):\n      response = base_api.get_list_by_param(endpoint,params)\n>     assert response.status_code == 200\nE     assert 404 == 200\nE      +  where 404 = <Response [404]>.status_code\n\ntestcase\\ACS\\test_configuration_profile.py:76: AssertionError","steps":[],"attachments":[{"uid":"e7e66e1bf4bd343b","name":"Request Info","source":"e7e66e1bf4bd343b.json","type":"application/json","size":185},{"uid":"cadd1c5fe371ff77","name":"Response Info","source":"cadd1c5fe371ff77.json","type":"application/json","size":73}],"parameters":[],"shouldDisplayMessage":true,"attachmentsCount":2,"attachmentStep":false,"hasContent":true,"stepsCount":0},"afterStages":[],"labels":[{"name":"parentSuite","value":"testcase.ACS"},{"name":"suite","value":"test_configuration_profile"},{"name":"subSuite","value":"TestConfigurationProfile"},{"name":"host","value":"Cherry-640879"},{"name":"thread","value":"50656-MainThread"},{"name":"framework","value":"pytest"},{"name":"language","value":"cpython3"},{"name":"package","value":"testcase.ACS.test_configuration_profile"},{"name":"resultFormat","value":"allure2"}],"parameters":[{"name":"base_api","value":"'dev'"},{"name":"params","value":"{'name': 'test_ds_hk2_tp4'}"}],"links":[],"hidden":false,"retry":false,"extra":{"severity":"normal","retries":[],"categories":[{"name":"Product defects","matchedStatuses":[]}],"tags":[]},"source":"4440baced7de0a7e.json","parameterValues":["'dev'","{'name': 'test_ds_hk2_tp4'}"]}