{"uid":"481abce146b2e905","name":"Test - get record ","fullName":"testcase.ACS.test_configuration_profile.TestConfigurationProfile#test_get_list_by_param","historyId":"41efee47c0e5363b44fd287a61cef421","time":{"start":1749013975002,"stop":1749013976108,"duration":1106},"status":"failed","statusMessage":"AssertionError: assert 404 == 200\n +  where 404 = <Response [404]>.status_code","statusTrace":"self = <testcase.ACS.test_configuration_profile.TestConfigurationProfile object at 0x000001F1D0C80EB0>\nbase_api = <utils.base_api_acs.BaseAPIACS object at 0x000001F1D06509D0>\nparams = {'name': 'test_ds_hk2_tp4'}\n\n    @allure.title('Test - get record ')\n    @pytest.mark.parametrize('params',[{\"name\": \"test_ds_hk2_tp4\"}])\n    def test_get_list_by_param(self,base_api,params):\n      response = base_api.get_list_by_param(endpoint,params)\n>     assert response.status_code == 200\nE     assert 404 == 200\nE      +  where 404 = <Response [404]>.status_code\n\ntestcase\\ACS\\test_configuration_profile.py:76: AssertionError","flaky":false,"newFailed":false,"newBroken":false,"newPassed":false,"retriesCount":0,"retriesStatusChange":false,"beforeStages":[{"name":"_session_faker","time":{"start":1749013957443,"stop":1749013957660,"duration":217},"status":"passed","steps":[],"attachments":[],"parameters":[],"stepsCount":0,"attachmentStep":false,"hasContent":false,"shouldDisplayMessage":false,"attachmentsCount":0},{"name":"get_and_refresh_access_token","time":{"start":1749013957660,"stop":1749013959074,"duration":1414},"status":"passed","steps":[],"attachments":[],"parameters":[],"stepsCount":0,"attachmentStep":false,"hasContent":false,"shouldDisplayMessage":false,"attachmentsCount":0},{"name":"base_api","time":{"start":1749013975000,"stop":1749013975002,"duration":2},"status":"passed","steps":[],"attachments":[],"parameters":[],"stepsCount":0,"attachmentStep":false,"hasContent":false,"shouldDisplayMessage":false,"attachmentsCount":0}],"testStage":{"status":"failed","statusMessage":"AssertionError: assert 404 == 200\n +  where 404 = <Response [404]>.status_code","statusTrace":"self = <testcase.ACS.test_configuration_profile.TestConfigurationProfile object at 0x000001F1D0C80EB0>\nbase_api = <utils.base_api_acs.BaseAPIACS object at 0x000001F1D06509D0>\nparams = {'name': 'test_ds_hk2_tp4'}\n\n    @allure.title('Test - get record ')\n    @pytest.mark.parametrize('params',[{\"name\": \"test_ds_hk2_tp4\"}])\n    def test_get_list_by_param(self,base_api,params):\n      response = base_api.get_list_by_param(endpoint,params)\n>     assert response.status_code == 200\nE     assert 404 == 200\nE      +  where 404 = <Response [404]>.status_code\n\ntestcase\\ACS\\test_configuration_profile.py:76: AssertionError","steps":[],"attachments":[{"uid":"5a1cc7fcf82c8d27","name":"Request Info","source":"5a1cc7fcf82c8d27.json","type":"application/json","size":185},{"uid":"2f0d16a882de39d2","name":"Response Info","source":"2f0d16a882de39d2.json","type":"application/json","size":73}],"parameters":[],"stepsCount":0,"attachmentStep":false,"hasContent":true,"shouldDisplayMessage":true,"attachmentsCount":2},"afterStages":[],"labels":[{"name":"parentSuite","value":"testcase.ACS"},{"name":"suite","value":"test_configuration_profile"},{"name":"subSuite","value":"TestConfigurationProfile"},{"name":"host","value":"Cherry-640879"},{"name":"thread","value":"52404-MainThread"},{"name":"framework","value":"pytest"},{"name":"language","value":"cpython3"},{"name":"package","value":"testcase.ACS.test_configuration_profile"},{"name":"resultFormat","value":"allure2"}],"parameters":[{"name":"base_api","value":"'dev'"},{"name":"params","value":"{'name': 'test_ds_hk2_tp4'}"}],"links":[],"hidden":false,"retry":false,"extra":{"severity":"normal","retries":[],"categories":[{"name":"Product defects","matchedStatuses":[]}],"tags":[]},"source":"481abce146b2e905.json","parameterValues":["'dev'","{'name': 'test_ds_hk2_tp4'}"]}