{"uid":"747ebfe6d3ddf16b","name":"Test - Create with wrong tpe","fullName":"testcase.ACS.test_system_group.TestSystemGroup#test_create_invalid_type","historyId":"016eb1ddc1a166c27fa32ae7b017d150","time":{"start":1747996965993,"stop":1747996966717,"duration":724},"status":"failed","statusMessage":"AssertionError: assert 503 == 400\n +  where 503 = <Response [503]>.status_code","statusTrace":"self = <testcase.ACS.test_system_group.TestSystemGroup object at 0x00000160BC8D7B50>\nbase_api = <utils.base_api_acs.BaseAPIACS object at 0x00000160BC8D6710>\n\n    @allure.title('Test - Create with wrong tpe')\n    def test_create_invalid_type(self,base_api):\n        json_data = {}\n        response = base_api.create_with_jsondata(endpoint,json_data,need_random=False, field=\"name\")\n>       assert response.status_code == 400\nE       assert 503 == 400\nE        +  where 503 = <Response [503]>.status_code\n\nC:\\Git\\api_automation\\testcase\\ACS\\test_system_group.py:85: AssertionError","flaky":false,"newFailed":false,"newBroken":false,"newPassed":false,"retriesCount":0,"retriesStatusChange":false,"beforeStages":[{"name":"_session_faker","time":{"start":1747996963333,"stop":1747996963450,"duration":117},"status":"passed","steps":[],"attachments":[],"parameters":[],"shouldDisplayMessage":false,"attachmentsCount":0,"stepsCount":0,"attachmentStep":false,"hasContent":false},{"name":"get_and_refresh_access_token","time":{"start":1747996963450,"stop":1747996964821,"duration":1371},"status":"passed","steps":[],"attachments":[],"parameters":[],"shouldDisplayMessage":false,"attachmentsCount":0,"stepsCount":0,"attachmentStep":false,"hasContent":false},{"name":"base_api","time":{"start":1747996965993,"stop":1747996965993,"duration":0},"status":"passed","steps":[],"attachments":[],"parameters":[],"shouldDisplayMessage":false,"attachmentsCount":0,"stepsCount":0,"attachmentStep":false,"hasContent":false}],"testStage":{"status":"failed","statusMessage":"AssertionError: assert 503 == 400\n +  where 503 = <Response [503]>.status_code","statusTrace":"self = <testcase.ACS.test_system_group.TestSystemGroup object at 0x00000160BC8D7B50>\nbase_api = <utils.base_api_acs.BaseAPIACS object at 0x00000160BC8D6710>\n\n    @allure.title('Test - Create with wrong tpe')\n    def test_create_invalid_type(self,base_api):\n        json_data = {}\n        response = base_api.create_with_jsondata(endpoint,json_data,need_random=False, field=\"name\")\n>       assert response.status_code == 400\nE       assert 503 == 400\nE        +  where 503 = <Response [503]>.status_code\n\nC:\\Git\\api_automation\\testcase\\ACS\\test_system_group.py:85: AssertionError","steps":[],"attachments":[{"uid":"5ab562ad9a1319bb","name":"Request Info","source":"5ab562ad9a1319bb.json","type":"application/json","size":116},{"uid":"d56eb4f74864a740","name":"Response Info","source":"d56eb4f74864a740.json","type":"application/json","size":65}],"parameters":[],"shouldDisplayMessage":true,"attachmentsCount":2,"stepsCount":0,"attachmentStep":false,"hasContent":true},"afterStages":[],"labels":[{"name":"epic","value":"Test - SystemGroup API"},{"name":"parentSuite","value":"testcase.ACS"},{"name":"suite","value":"test_system_group"},{"name":"subSuite","value":"TestSystemGroup"},{"name":"host","value":"Cherry-640879"},{"name":"thread","value":"23696-MainThread"},{"name":"framework","value":"pytest"},{"name":"language","value":"cpython3"},{"name":"package","value":"testcase.ACS.test_system_group"},{"name":"resultFormat","value":"allure2"}],"parameters":[{"name":"base_api","value":"'dev'"}],"links":[],"hidden":false,"retry":false,"extra":{"severity":"normal","retries":[],"categories":[{"name":"Product defects","matchedStatuses":[]}],"tags":[]},"source":"747ebfe6d3ddf16b.json","parameterValues":["'dev'"]}