{"uid":"8762f52a7276a4cd","name":"Test - create a static group member to givin group","fullName":"testcase.ACS.test_static_group_member.TestStaticGroupMember#test_create_stati_group_member","historyId":"8f9ab7eac7411405768fbd9e18ffc3d2","time":{"start":1748240091311,"stop":1748240092354,"duration":1043},"status":"failed","statusMessage":"AssertionError: assert 500 == 200\n +  where 500 = <Response [500]>.status_code","statusTrace":"self = <testcase.ACS.test_static_group_member.TestStaticGroupMember object at 0x000001C86C6AA9B0>\n\n     @allure.title('Test - create a static group member to givin group')\n     def test_create_stati_group_member(self):\n    # create a system group first\n         group_id = '80c4fba5-7ec7-418b-98ce-6e20c00a7ca8'\n         response = member.create_static_group_member(group_id,file_path[\"member\"])\n>        assert response.status_code == 200\nE        assert 500 == 200\nE         +  where 500 = <Response [500]>.status_code\n\ntestcase\\ACS\\test_static_group_member.py:30: AssertionError","flaky":false,"newFailed":false,"newBroken":false,"newPassed":false,"retriesCount":0,"retriesStatusChange":false,"beforeStages":[{"name":"_session_faker","time":{"start":1748240013215,"stop":1748240013326,"duration":111},"status":"passed","steps":[],"attachments":[],"parameters":[],"shouldDisplayMessage":false,"attachmentsCount":0,"attachmentStep":false,"hasContent":false,"stepsCount":0},{"name":"get_and_refresh_access_token","time":{"start":1748240013326,"stop":1748240014643,"duration":1317},"status":"passed","steps":[],"attachments":[],"parameters":[],"shouldDisplayMessage":false,"attachmentsCount":0,"attachmentStep":false,"hasContent":false,"stepsCount":0}],"testStage":{"status":"failed","statusMessage":"AssertionError: assert 500 == 200\n +  where 500 = <Response [500]>.status_code","statusTrace":"self = <testcase.ACS.test_static_group_member.TestStaticGroupMember object at 0x000001C86C6AA9B0>\n\n     @allure.title('Test - create a static group member to givin group')\n     def test_create_stati_group_member(self):\n    # create a system group first\n         group_id = '80c4fba5-7ec7-418b-98ce-6e20c00a7ca8'\n         response = member.create_static_group_member(group_id,file_path[\"member\"])\n>        assert response.status_code == 200\nE        assert 500 == 200\nE         +  where 500 = <Response [500]>.status_code\n\ntestcase\\ACS\\test_static_group_member.py:30: AssertionError","steps":[],"attachments":[{"uid":"feb9c587ffa6964b","name":"Request Info","source":"feb9c587ffa6964b.json","type":"application/json","size":284},{"uid":"25da26eec8b97595","name":"Response Info","source":"25da26eec8b97595.json","type":"application/json","size":115}],"parameters":[],"shouldDisplayMessage":true,"attachmentsCount":2,"attachmentStep":false,"hasContent":true,"stepsCount":0},"afterStages":[],"labels":[{"name":"epic","value":"Test - StaticGroupMember API"},{"name":"parentSuite","value":"testcase.ACS"},{"name":"suite","value":"test_static_group_member"},{"name":"subSuite","value":"TestStaticGroupMember"},{"name":"host","value":"Cherry-640879"},{"name":"thread","value":"47028-MainThread"},{"name":"framework","value":"pytest"},{"name":"language","value":"cpython3"},{"name":"package","value":"testcase.ACS.test_static_group_member"},{"name":"resultFormat","value":"allure2"}],"parameters":[],"links":[],"hidden":false,"retry":false,"extra":{"severity":"normal","retries":[],"categories":[{"name":"Product defects","matchedStatuses":[]}],"tags":[]},"source":"8762f52a7276a4cd.json","parameterValues":[]}