{"uid":"88a4184415a7047c","name":"Test - create record twice ","fullName":"testcase.ACS.test_workflow.TestWorkflow#test_create","historyId":"eb9caf1256f6b8b5f2af2999553fd09d","time":{"start":1748327999816,"stop":1748328030786,"duration":30970},"status":"failed","statusMessage":"AssertionError: assert 504 == 200\n +  where 504 = <Response [504]>.status_code","statusTrace":"self = <testcase.ACS.test_workflow.TestWorkflow object at 0x0000021CA09A8370>\nbase_api = <utils.base_api_acs.BaseAPIACS object at 0x0000021CA35BF010>\n\n>   ???\nE   assert 504 == 200\nE    +  where 504 = <Response [504]>.status_code\n\nC:\\actions-runner\\actions-runner-win-x64-2.324.0\\_work\\api_automation\\testcase\\ACS\\test_workflow.py:38: AssertionError","flaky":false,"newFailed":false,"newBroken":false,"newPassed":false,"retriesCount":0,"retriesStatusChange":false,"beforeStages":[{"name":"_session_faker","time":{"start":1748324557190,"stop":1748324557313,"duration":123},"status":"passed","steps":[],"attachments":[],"parameters":[],"shouldDisplayMessage":false,"attachmentsCount":0,"stepsCount":0,"hasContent":false,"attachmentStep":false},{"name":"get_and_refresh_access_token","time":{"start":1748324557313,"stop":1748324558634,"duration":1321},"status":"passed","steps":[],"attachments":[],"parameters":[],"shouldDisplayMessage":false,"attachmentsCount":0,"stepsCount":0,"hasContent":false,"attachmentStep":false},{"name":"base_api","time":{"start":1748327999814,"stop":1748327999816,"duration":2},"status":"passed","steps":[],"attachments":[],"parameters":[],"shouldDisplayMessage":false,"attachmentsCount":0,"stepsCount":0,"hasContent":false,"attachmentStep":false}],"testStage":{"status":"failed","statusMessage":"AssertionError: assert 504 == 200\n +  where 504 = <Response [504]>.status_code","statusTrace":"self = <testcase.ACS.test_workflow.TestWorkflow object at 0x0000021CA09A8370>\nbase_api = <utils.base_api_acs.BaseAPIACS object at 0x0000021CA35BF010>\n\n>   ???\nE   assert 504 == 200\nE    +  where 504 = <Response [504]>.status_code\n\nC:\\actions-runner\\actions-runner-win-x64-2.324.0\\_work\\api_automation\\testcase\\ACS\\test_workflow.py:38: AssertionError","steps":[],"attachments":[{"uid":"89add87c7d44b8c8","name":"Request Info","source":"89add87c7d44b8c8.json","type":"application/json","size":144},{"uid":"220835b60e0feafb","name":"Response Info","source":"220835b60e0feafb.json","type":"application/json","size":52}],"parameters":[],"shouldDisplayMessage":true,"attachmentsCount":2,"stepsCount":0,"hasContent":true,"attachmentStep":false},"afterStages":[],"labels":[{"name":"parentSuite","value":"testcase.ACS"},{"name":"suite","value":"test_workflow"},{"name":"subSuite","value":"TestWorkflow"},{"name":"host","value":"Cherry-640879"},{"name":"thread","value":"51132-MainThread"},{"name":"framework","value":"pytest"},{"name":"language","value":"cpython3"},{"name":"package","value":"testcase.ACS.test_workflow"},{"name":"resultFormat","value":"allure2"}],"parameters":[{"name":"base_api","value":"'dev'"}],"links":[],"hidden":false,"retry":false,"extra":{"severity":"normal","retries":[],"categories":[{"name":"Product defects","matchedStatuses":[]}],"tags":[]},"source":"88a4184415a7047c.json","parameterValues":["'dev'"]}