{"uid":"893b02819a3a3f5e","name":"Test - create record ","fullName":"testcase.ACS.test_configuration_profile.TestConfigurationProfile#test_create","historyId":"a81d7b38f59db6bcf7258374682ee1e1","time":{"start":1749200896118,"stop":1749200898059,"duration":1941},"status":"failed","statusMessage":"AssertionError: assert 400 == 200\n +  where 400 = <Response [400]>.status_code","statusTrace":"self = <testcase.ACS.test_configuration_profile.TestConfigurationProfile object at 0x000001C3BF7D5450>\nbase_api = <utils.base_api_acs.BaseAPIACS object at 0x000001C3C245B970>\n\n    @allure.title('Test - create record ')\n    def test_create(self,base_api):\n        global model_id\n        # create a record\n        response_create = base_api.create(endpoint,file_path[\"profile\"],False,\"name\")\n>       assert response_create.status_code == 200\nE       assert 400 == 200\nE        +  where 400 = <Response [400]>.status_code\n\ntestcase\\ACS\\test_configuration_profile.py:44: AssertionError","flaky":false,"newFailed":false,"newBroken":false,"newPassed":false,"retriesCount":0,"retriesStatusChange":false,"beforeStages":[{"name":"_session_faker","time":{"start":1749200886081,"stop":1749200886181,"duration":100},"status":"passed","steps":[],"attachments":[],"parameters":[],"attachmentsCount":0,"shouldDisplayMessage":false,"attachmentStep":false,"stepsCount":0,"hasContent":false},{"name":"get_and_refresh_access_token","time":{"start":1749200886181,"stop":1749200887728,"duration":1547},"status":"passed","steps":[],"attachments":[],"parameters":[],"attachmentsCount":0,"shouldDisplayMessage":false,"attachmentStep":false,"stepsCount":0,"hasContent":false},{"name":"base_api","time":{"start":1749200896109,"stop":1749200896118,"duration":9},"status":"passed","steps":[],"attachments":[],"parameters":[],"attachmentsCount":0,"shouldDisplayMessage":false,"attachmentStep":false,"stepsCount":0,"hasContent":false}],"testStage":{"status":"failed","statusMessage":"AssertionError: assert 400 == 200\n +  where 400 = <Response [400]>.status_code","statusTrace":"self = <testcase.ACS.test_configuration_profile.TestConfigurationProfile object at 0x000001C3BF7D5450>\nbase_api = <utils.base_api_acs.BaseAPIACS object at 0x000001C3C245B970>\n\n    @allure.title('Test - create record ')\n    def test_create(self,base_api):\n        global model_id\n        # create a record\n        response_create = base_api.create(endpoint,file_path[\"profile\"],False,\"name\")\n>       assert response_create.status_code == 200\nE       assert 400 == 200\nE        +  where 400 = <Response [400]>.status_code\n\ntestcase\\ACS\\test_configuration_profile.py:44: AssertionError","steps":[],"attachments":[{"uid":"198251238a508754","name":"Request Info","source":"198251238a508754.json","type":"application/json","size":167},{"uid":"171f1153083611dc","name":"Response Info","source":"171f1153083611dc.json","type":"application/json","size":86}],"parameters":[],"attachmentsCount":2,"shouldDisplayMessage":true,"attachmentStep":false,"stepsCount":0,"hasContent":true},"afterStages":[],"labels":[{"name":"parentSuite","value":"testcase.ACS"},{"name":"suite","value":"test_configuration_profile"},{"name":"subSuite","value":"TestConfigurationProfile"},{"name":"host","value":"Cherry-640879"},{"name":"thread","value":"44708-MainThread"},{"name":"framework","value":"pytest"},{"name":"language","value":"cpython3"},{"name":"package","value":"testcase.ACS.test_configuration_profile"},{"name":"resultFormat","value":"allure2"}],"parameters":[{"name":"base_api","value":"'test'"}],"links":[],"hidden":false,"retry":false,"extra":{"severity":"normal","retries":[],"categories":[{"name":"Product defects","matchedStatuses":[]}],"tags":[]},"source":"893b02819a3a3f5e.json","parameterValues":["'test'"]}