{"uid":"b3588ac93d66d0ce","name":"Test - Create with wrong tpe","fullName":"testcase.ACS.test_system_group.TestSystemGroup#test_create_invalid_type","historyId":"016eb1ddc1a166c27fa32ae7b017d150","time":{"start":1748327570657,"stop":1748327601654,"duration":30997},"status":"failed","statusMessage":"AssertionError: assert 504 == 400\n +  where 504 = <Response [504]>.status_code","statusTrace":"self = <testcase.ACS.test_system_group.TestSystemGroup object at 0x0000021CA09A8730>\nbase_api = <utils.base_api_acs.BaseAPIACS object at 0x0000021CA32D78B0>\n\n    @allure.title('Test - Create with wrong tpe')\n    def test_create_invalid_type(self,base_api):\n        json_data = {}\n        response = base_api.create_with_jsondata(endpoint,json_data,need_random=False, field=\"name\")\n>       assert response.status_code == 400\nE       assert 504 == 400\nE        +  where 504 = <Response [504]>.status_code\n\ntestcase\\ACS\\test_system_group.py:87: AssertionError","flaky":false,"newFailed":false,"newBroken":false,"newPassed":false,"retriesCount":0,"retriesStatusChange":false,"beforeStages":[{"name":"_session_faker","time":{"start":1748324557190,"stop":1748324557313,"duration":123},"status":"passed","steps":[],"attachments":[],"parameters":[],"shouldDisplayMessage":false,"attachmentsCount":0,"stepsCount":0,"hasContent":false,"attachmentStep":false},{"name":"get_and_refresh_access_token","time":{"start":1748324557313,"stop":1748324558634,"duration":1321},"status":"passed","steps":[],"attachments":[],"parameters":[],"shouldDisplayMessage":false,"attachmentsCount":0,"stepsCount":0,"hasContent":false,"attachmentStep":false},{"name":"base_api","time":{"start":1748327570653,"stop":1748327570653,"duration":0},"status":"passed","steps":[],"attachments":[],"parameters":[],"shouldDisplayMessage":false,"attachmentsCount":0,"stepsCount":0,"hasContent":false,"attachmentStep":false}],"testStage":{"status":"failed","statusMessage":"AssertionError: assert 504 == 400\n +  where 504 = <Response [504]>.status_code","statusTrace":"self = <testcase.ACS.test_system_group.TestSystemGroup object at 0x0000021CA09A8730>\nbase_api = <utils.base_api_acs.BaseAPIACS object at 0x0000021CA32D78B0>\n\n    @allure.title('Test - Create with wrong tpe')\n    def test_create_invalid_type(self,base_api):\n        json_data = {}\n        response = base_api.create_with_jsondata(endpoint,json_data,need_random=False, field=\"name\")\n>       assert response.status_code == 400\nE       assert 504 == 400\nE        +  where 504 = <Response [504]>.status_code\n\ntestcase\\ACS\\test_system_group.py:87: AssertionError","steps":[],"attachments":[{"uid":"1f337f73500169d","name":"Request Info","source":"1f337f73500169d.json","type":"application/json","size":116},{"uid":"23e07398960c287d","name":"Response Info","source":"23e07398960c287d.json","type":"application/json","size":62}],"parameters":[],"shouldDisplayMessage":true,"attachmentsCount":2,"stepsCount":0,"hasContent":true,"attachmentStep":false},"afterStages":[],"labels":[{"name":"epic","value":"Test - SystemGroup API"},{"name":"parentSuite","value":"testcase.ACS"},{"name":"suite","value":"test_system_group"},{"name":"subSuite","value":"TestSystemGroup"},{"name":"host","value":"Cherry-640879"},{"name":"thread","value":"51132-MainThread"},{"name":"framework","value":"pytest"},{"name":"language","value":"cpython3"},{"name":"package","value":"testcase.ACS.test_system_group"},{"name":"resultFormat","value":"allure2"}],"parameters":[{"name":"base_api","value":"'dev'"}],"links":[],"hidden":false,"retry":false,"extra":{"severity":"normal","retries":[],"categories":[{"name":"Product defects","matchedStatuses":[]}],"tags":[]},"source":"b3588ac93d66d0ce.json","parameterValues":["'dev'"]}