{"uid":"b6c45aa05e396f56","name":"Test - test the paramter are case-insensitive ","fullName":"testcase.ACS.test_workflow.TestWorkflow#test_get_case_sensitive","historyId":"90531c650c98a7b3561123a257397ff8","time":{"start":1748328030807,"stop":1748328061834,"duration":31027},"status":"failed","statusMessage":"AssertionError: assert 504 == 200\n +  where 504 = <Response [504]>.status_code","statusTrace":"self = <testcase.ACS.test_workflow.TestWorkflow object at 0x0000021CA09AAC50>\nbase_api = <utils.base_api_acs.BaseAPIACS object at 0x0000021CA32D4490>\n\n>   ???\nE   assert 504 == 200\nE    +  where 504 = <Response [504]>.status_code\n\nC:\\actions-runner\\actions-runner-win-x64-2.324.0\\_work\\api_automation\\testcase\\ACS\\test_workflow.py:61: AssertionError","flaky":false,"newFailed":false,"newBroken":false,"newPassed":false,"retriesCount":0,"retriesStatusChange":false,"beforeStages":[{"name":"_session_faker","time":{"start":1748324557190,"stop":1748324557313,"duration":123},"status":"passed","steps":[],"attachments":[],"parameters":[],"shouldDisplayMessage":false,"attachmentsCount":0,"stepsCount":0,"hasContent":false,"attachmentStep":false},{"name":"get_and_refresh_access_token","time":{"start":1748324557313,"stop":1748324558634,"duration":1321},"status":"passed","steps":[],"attachments":[],"parameters":[],"shouldDisplayMessage":false,"attachmentsCount":0,"stepsCount":0,"hasContent":false,"attachmentStep":false},{"name":"base_api","time":{"start":1748328030807,"stop":1748328030807,"duration":0},"status":"passed","steps":[],"attachments":[],"parameters":[],"shouldDisplayMessage":false,"attachmentsCount":0,"stepsCount":0,"hasContent":false,"attachmentStep":false}],"testStage":{"status":"failed","statusMessage":"AssertionError: assert 504 == 200\n +  where 504 = <Response [504]>.status_code","statusTrace":"self = <testcase.ACS.test_workflow.TestWorkflow object at 0x0000021CA09AAC50>\nbase_api = <utils.base_api_acs.BaseAPIACS object at 0x0000021CA32D4490>\n\n>   ???\nE   assert 504 == 200\nE    +  where 504 = <Response [504]>.status_code\n\nC:\\actions-runner\\actions-runner-win-x64-2.324.0\\_work\\api_automation\\testcase\\ACS\\test_workflow.py:61: AssertionError","steps":[],"attachments":[{"uid":"3b4a660c31130497","name":"Request Info","source":"3b4a660c31130497.json","type":"application/json","size":192},{"uid":"ae5393f83f54c2a1","name":"Response Info","source":"ae5393f83f54c2a1.json","type":"application/json","size":62}],"parameters":[],"shouldDisplayMessage":true,"attachmentsCount":2,"stepsCount":0,"hasContent":true,"attachmentStep":false},"afterStages":[],"labels":[{"name":"parentSuite","value":"testcase.ACS"},{"name":"suite","value":"test_workflow"},{"name":"subSuite","value":"TestWorkflow"},{"name":"host","value":"Cherry-640879"},{"name":"thread","value":"51132-MainThread"},{"name":"framework","value":"pytest"},{"name":"language","value":"cpython3"},{"name":"package","value":"testcase.ACS.test_workflow"},{"name":"resultFormat","value":"allure2"}],"parameters":[{"name":"base_api","value":"'dev'"}],"links":[],"hidden":false,"retry":false,"extra":{"severity":"normal","retries":[],"categories":[{"name":"Product defects","matchedStatuses":[]}],"tags":[]},"source":"b6c45aa05e396f56.json","parameterValues":["'dev'"]}