{"uid":"e6f4789a53ab78b7","name":"Test - Create with wrong tpe","fullName":"testcase.ACS.test_system_group.TestSystemGroup#test_create_invalid_type","historyId":"016eb1ddc1a166c27fa32ae7b017d150","time":{"start":1749142154896,"stop":1749142186555,"duration":31659},"status":"failed","statusMessage":"AssertionError: assert 200 == 400\n +  where 200 = <Response [200]>.status_code","statusTrace":"self = <testcase.ACS.test_system_group.TestSystemGroup object at 0x000001BC6CF96EF0>\nbase_api = <utils.base_api_acs.BaseAPIACS object at 0x000001BC6E8167D0>\n\n    @allure.title('Test - Create with wrong tpe')\n    def test_create_invalid_type(self,base_api):\n        json_data = {}\n        response = base_api.create(endpoint,json_data,need_random=False, field=\"name\")\n>       assert response.status_code == 400\nE       assert 200 == 400\nE        +  where 200 = <Response [200]>.status_code\n\ntestcase\\ACS\\test_system_group.py:97: AssertionError","flaky":false,"newFailed":false,"newBroken":false,"newPassed":false,"retriesCount":0,"retriesStatusChange":false,"beforeStages":[{"name":"_session_faker","time":{"start":1749140293448,"stop":1749140293525,"duration":77},"status":"passed","steps":[],"attachments":[],"parameters":[],"hasContent":false,"stepsCount":0,"attachmentStep":false,"attachmentsCount":0,"shouldDisplayMessage":false},{"name":"get_and_refresh_access_token","time":{"start":1749140293525,"stop":1749140294840,"duration":1315},"status":"passed","steps":[],"attachments":[],"parameters":[],"hasContent":false,"stepsCount":0,"attachmentStep":false,"attachmentsCount":0,"shouldDisplayMessage":false},{"name":"base_api","time":{"start":1749142154889,"stop":1749142154896,"duration":7},"status":"passed","steps":[],"attachments":[],"parameters":[],"hasContent":false,"stepsCount":0,"attachmentStep":false,"attachmentsCount":0,"shouldDisplayMessage":false}],"testStage":{"status":"failed","statusMessage":"AssertionError: assert 200 == 400\n +  where 200 = <Response [200]>.status_code","statusTrace":"self = <testcase.ACS.test_system_group.TestSystemGroup object at 0x000001BC6CF96EF0>\nbase_api = <utils.base_api_acs.BaseAPIACS object at 0x000001BC6E8167D0>\n\n    @allure.title('Test - Create with wrong tpe')\n    def test_create_invalid_type(self,base_api):\n        json_data = {}\n        response = base_api.create(endpoint,json_data,need_random=False, field=\"name\")\n>       assert response.status_code == 400\nE       assert 200 == 400\nE        +  where 200 = <Response [200]>.status_code\n\ntestcase\\ACS\\test_system_group.py:97: AssertionError","steps":[],"attachments":[{"uid":"ffcf7babc5573c26","name":"Request Info","source":"ffcf7babc5573c26.json","type":"application/json","size":116},{"uid":"664b22ac2b340088","name":"Response Info","source":"664b22ac2b340088.json","type":"application/json","size":46}],"parameters":[],"hasContent":true,"stepsCount":0,"attachmentStep":false,"attachmentsCount":2,"shouldDisplayMessage":true},"afterStages":[],"labels":[{"name":"epic","value":"Test - SystemGroup API"},{"name":"parentSuite","value":"testcase.ACS"},{"name":"suite","value":"test_system_group"},{"name":"subSuite","value":"TestSystemGroup"},{"name":"host","value":"Cherry-640879"},{"name":"thread","value":"50112-MainThread"},{"name":"framework","value":"pytest"},{"name":"language","value":"cpython3"},{"name":"package","value":"testcase.ACS.test_system_group"},{"name":"resultFormat","value":"allure2"}],"parameters":[{"name":"base_api","value":"'dev'"}],"links":[],"hidden":false,"retry":false,"extra":{"severity":"normal","retries":[],"categories":[{"name":"Product defects","matchedStatuses":[]}],"tags":[]},"source":"e6f4789a53ab78b7.json","parameterValues":["'dev'"]}