{"uid":"f29e43e8e03de8b1","name":"Test - get record ","fullName":"testcase.ACS.test_configuration_profile.TestConfigurationProfile#test_get_list_by_param","historyId":"41efee47c0e5363b44fd287a61cef421","time":{"start":1748591207361,"stop":1748591207864,"duration":503},"status":"failed","statusMessage":"AssertionError: assert 500 == 200\n +  where 500 = <Response [500]>.status_code","statusTrace":"self = <testcase.ACS.test_configuration_profile.TestConfigurationProfile object at 0x000001FF651610F0>\nbase_api = <utils.base_api_acs.BaseAPIACS object at 0x000001FF64DDC310>\nparams = {'name': 'test_ds_hk2_tp4'}\n\n    @allure.title('Test - get record ')\n    @pytest.mark.parametrize('params',[{\"name\": \"test_ds_hk2_tp4\"}])\n    def test_get_list_by_param(self,base_api,params):\n      response = base_api.get_list_by_param(endpoint,params)\n>     assert response.status_code == 200\nE     assert 500 == 200\nE      +  where 500 = <Response [500]>.status_code\n\ntestcase\\ACS\\test_configuration_profile.py:76: AssertionError","flaky":false,"newFailed":false,"newBroken":false,"newPassed":false,"retriesCount":0,"retriesStatusChange":false,"beforeStages":[{"name":"_session_faker","time":{"start":1748591198413,"stop":1748591198644,"duration":231},"status":"passed","steps":[],"attachments":[],"parameters":[],"shouldDisplayMessage":false,"attachmentsCount":0,"stepsCount":0,"attachmentStep":false,"hasContent":false},{"name":"get_and_refresh_access_token","time":{"start":1748591198644,"stop":1748591200107,"duration":1463},"status":"passed","steps":[],"attachments":[],"parameters":[],"shouldDisplayMessage":false,"attachmentsCount":0,"stepsCount":0,"attachmentStep":false,"hasContent":false},{"name":"base_api","time":{"start":1748591207356,"stop":1748591207359,"duration":3},"status":"passed","steps":[],"attachments":[],"parameters":[],"shouldDisplayMessage":false,"attachmentsCount":0,"stepsCount":0,"attachmentStep":false,"hasContent":false}],"testStage":{"status":"failed","statusMessage":"AssertionError: assert 500 == 200\n +  where 500 = <Response [500]>.status_code","statusTrace":"self = <testcase.ACS.test_configuration_profile.TestConfigurationProfile object at 0x000001FF651610F0>\nbase_api = <utils.base_api_acs.BaseAPIACS object at 0x000001FF64DDC310>\nparams = {'name': 'test_ds_hk2_tp4'}\n\n    @allure.title('Test - get record ')\n    @pytest.mark.parametrize('params',[{\"name\": \"test_ds_hk2_tp4\"}])\n    def test_get_list_by_param(self,base_api,params):\n      response = base_api.get_list_by_param(endpoint,params)\n>     assert response.status_code == 200\nE     assert 500 == 200\nE      +  where 500 = <Response [500]>.status_code\n\ntestcase\\ACS\\test_configuration_profile.py:76: AssertionError","steps":[],"attachments":[{"uid":"f03b38459bdbd3e5","name":"Request Info","source":"f03b38459bdbd3e5.json","type":"application/json","size":185},{"uid":"16778807535610b1","name":"Response Info","source":"16778807535610b1.json","type":"application/json","size":162}],"parameters":[],"shouldDisplayMessage":true,"attachmentsCount":2,"stepsCount":0,"attachmentStep":false,"hasContent":true},"afterStages":[],"labels":[{"name":"parentSuite","value":"testcase.ACS"},{"name":"suite","value":"test_configuration_profile"},{"name":"subSuite","value":"TestConfigurationProfile"},{"name":"host","value":"Cherry-640879"},{"name":"thread","value":"28084-MainThread"},{"name":"framework","value":"pytest"},{"name":"language","value":"cpython3"},{"name":"package","value":"testcase.ACS.test_configuration_profile"},{"name":"resultFormat","value":"allure2"}],"parameters":[{"name":"base_api","value":"'dev'"},{"name":"params","value":"{'name': 'test_ds_hk2_tp4'}"}],"links":[],"hidden":false,"retry":false,"extra":{"severity":"normal","retries":[],"categories":[{"name":"Product defects","matchedStatuses":[]}],"tags":[]},"source":"f29e43e8e03de8b1.json","parameterValues":["'dev'","{'name': 'test_ds_hk2_tp4'}"]}